[debug] [2023-02-17T01:30:17.460Z] ----------------------------------------------------------------------
[debug] [2023-02-17T01:30:17.462Z] Command:       C:\Program Files\nodejs\node.exe C:\Program Files\nodejs\node_modules\firebase-tools\lib\bin\firebase.js deploy --only functions
[debug] [2023-02-17T01:30:17.462Z] CLI Version:   11.23.1
[debug] [2023-02-17T01:30:17.462Z] Platform:      win32
[debug] [2023-02-17T01:30:17.462Z] Node Version:  v16.15.1
[debug] [2023-02-17T01:30:17.463Z] Time:          Fri Feb 17 2023 08:30:17 GMT+0700 (Indochina Time)
[debug] [2023-02-17T01:30:17.464Z] ----------------------------------------------------------------------
[debug] 
[debug] [2023-02-17T01:30:17.529Z] > command requires scopes: ["email","openid","https://www.googleapis.com/auth/cloudplatformprojects.readonly","https://www.googleapis.com/auth/firebase","https://www.googleapis.com/auth/cloud-platform"]
[debug] [2023-02-17T01:30:17.530Z] > authorizing via signed-in user (richard.herew@gmail.com)
[debug] [2023-02-17T01:30:17.530Z] [iam] checking project linkgraph-ef877 for permissions ["cloudfunctions.functions.create","cloudfunctions.functions.delete","cloudfunctions.functions.get","cloudfunctions.functions.list","cloudfunctions.functions.update","cloudfunctions.operations.get","firebase.projects.get"]
[debug] [2023-02-17T01:30:17.532Z] >>> [apiv2][query] POST https://cloudresourcemanager.googleapis.com/v1/projects/linkgraph-ef877:testIamPermissions [none]
[debug] [2023-02-17T01:30:17.532Z] >>> [apiv2][(partial)header] POST https://cloudresourcemanager.googleapis.com/v1/projects/linkgraph-ef877:testIamPermissions x-goog-quota-user=projects/linkgraph-ef877
[debug] [2023-02-17T01:30:17.532Z] >>> [apiv2][body] POST https://cloudresourcemanager.googleapis.com/v1/projects/linkgraph-ef877:testIamPermissions {"permissions":["cloudfunctions.functions.create","cloudfunctions.functions.delete","cloudfunctions.functions.get","cloudfunctions.functions.list","cloudfunctions.functions.update","cloudfunctions.operations.get","firebase.projects.get"]}
[debug] [2023-02-17T01:30:18.639Z] <<< [apiv2][status] POST https://cloudresourcemanager.googleapis.com/v1/projects/linkgraph-ef877:testIamPermissions 200
[debug] [2023-02-17T01:30:18.640Z] <<< [apiv2][body] POST https://cloudresourcemanager.googleapis.com/v1/projects/linkgraph-ef877:testIamPermissions {"permissions":["cloudfunctions.functions.create","cloudfunctions.functions.delete","cloudfunctions.functions.get","cloudfunctions.functions.list","cloudfunctions.functions.update","cloudfunctions.operations.get","firebase.projects.get"]}
[debug] [2023-02-17T01:30:18.640Z] >>> [apiv2][query] POST https://iam.googleapis.com/v1/projects/linkgraph-ef877/serviceAccounts/linkgraph-ef877@appspot.gserviceaccount.com:testIamPermissions [none]
[debug] [2023-02-17T01:30:18.640Z] >>> [apiv2][body] POST https://iam.googleapis.com/v1/projects/linkgraph-ef877/serviceAccounts/linkgraph-ef877@appspot.gserviceaccount.com:testIamPermissions {"permissions":["iam.serviceAccounts.actAs"]}
[debug] [2023-02-17T01:30:19.092Z] <<< [apiv2][status] POST https://iam.googleapis.com/v1/projects/linkgraph-ef877/serviceAccounts/linkgraph-ef877@appspot.gserviceaccount.com:testIamPermissions 200
[debug] [2023-02-17T01:30:19.092Z] <<< [apiv2][body] POST https://iam.googleapis.com/v1/projects/linkgraph-ef877/serviceAccounts/linkgraph-ef877@appspot.gserviceaccount.com:testIamPermissions {"permissions":["iam.serviceAccounts.actAs"]}
[info] 
[info] === Deploying to 'linkgraph-ef877'...
[info] 
[info] i  deploying functions 
[debug] [2023-02-17T01:30:19.096Z] >>> [apiv2][query] GET https://firebase.googleapis.com/v1beta1/projects/linkgraph-ef877 [none]
[debug] [2023-02-17T01:30:19.466Z] <<< [apiv2][status] GET https://firebase.googleapis.com/v1beta1/projects/linkgraph-ef877 200
[debug] [2023-02-17T01:30:19.466Z] <<< [apiv2][body] GET https://firebase.googleapis.com/v1beta1/projects/linkgraph-ef877 {"projectId":"linkgraph-ef877","projectNumber":"918254694977","displayName":"Linkgraph","name":"projects/linkgraph-ef877","resources":{"hostingSite":"linkgraph-ef877","realtimeDatabaseInstance":"linkgraph-ef877-default-rtdb"},"state":"ACTIVE","etag":"1_6e3a08fd-6712-4609-b5e9-3d30eee90ae3"}
[info] i  functions: preparing codebase default for deployment 
[info] i  functions: ensuring required API cloudfunctions.googleapis.com is enabled... 
[info] i  functions: ensuring required API cloudbuild.googleapis.com is enabled... 
[info] i  artifactregistry: ensuring required API artifactregistry.googleapis.com is enabled... 
[debug] [2023-02-17T01:30:19.468Z] >>> [apiv2][query] GET https://serviceusage.googleapis.com/v1/projects/linkgraph-ef877/services/cloudfunctions.googleapis.com [none]
[debug] [2023-02-17T01:30:19.468Z] >>> [apiv2][(partial)header] GET https://serviceusage.googleapis.com/v1/projects/linkgraph-ef877/services/cloudfunctions.googleapis.com x-goog-quota-user=projects/linkgraph-ef877
[debug] [2023-02-17T01:30:19.469Z] >>> [apiv2][query] GET https://serviceusage.googleapis.com/v1/projects/linkgraph-ef877/services/runtimeconfig.googleapis.com [none]
[debug] [2023-02-17T01:30:19.469Z] >>> [apiv2][(partial)header] GET https://serviceusage.googleapis.com/v1/projects/linkgraph-ef877/services/runtimeconfig.googleapis.com x-goog-quota-user=projects/linkgraph-ef877
[debug] [2023-02-17T01:30:19.470Z] >>> [apiv2][query] GET https://serviceusage.googleapis.com/v1/projects/linkgraph-ef877/services/cloudbuild.googleapis.com [none]
[debug] [2023-02-17T01:30:19.470Z] >>> [apiv2][(partial)header] GET https://serviceusage.googleapis.com/v1/projects/linkgraph-ef877/services/cloudbuild.googleapis.com x-goog-quota-user=projects/linkgraph-ef877
[debug] [2023-02-17T01:30:19.470Z] >>> [apiv2][query] GET https://serviceusage.googleapis.com/v1/projects/linkgraph-ef877/services/artifactregistry.googleapis.com [none]
[debug] [2023-02-17T01:30:19.470Z] >>> [apiv2][(partial)header] GET https://serviceusage.googleapis.com/v1/projects/linkgraph-ef877/services/artifactregistry.googleapis.com x-goog-quota-user=projects/linkgraph-ef877
[debug] [2023-02-17T01:30:20.980Z] <<< [apiv2][status] GET https://serviceusage.googleapis.com/v1/projects/linkgraph-ef877/services/cloudfunctions.googleapis.com 200
[debug] [2023-02-17T01:30:20.980Z] <<< [apiv2][body] GET https://serviceusage.googleapis.com/v1/projects/linkgraph-ef877/services/cloudfunctions.googleapis.com [omitted]
[info] +  functions: required API cloudfunctions.googleapis.com is enabled 
[debug] [2023-02-17T01:30:20.981Z] <<< [apiv2][status] GET https://serviceusage.googleapis.com/v1/projects/linkgraph-ef877/services/cloudbuild.googleapis.com 200
[debug] [2023-02-17T01:30:20.981Z] <<< [apiv2][body] GET https://serviceusage.googleapis.com/v1/projects/linkgraph-ef877/services/cloudbuild.googleapis.com [omitted]
[info] +  functions: required API cloudbuild.googleapis.com is enabled 
[debug] [2023-02-17T01:30:21.023Z] <<< [apiv2][status] GET https://serviceusage.googleapis.com/v1/projects/linkgraph-ef877/services/runtimeconfig.googleapis.com 200
[debug] [2023-02-17T01:30:21.023Z] <<< [apiv2][body] GET https://serviceusage.googleapis.com/v1/projects/linkgraph-ef877/services/runtimeconfig.googleapis.com [omitted]
[debug] [2023-02-17T01:30:21.033Z] <<< [apiv2][status] GET https://serviceusage.googleapis.com/v1/projects/linkgraph-ef877/services/artifactregistry.googleapis.com 200
[debug] [2023-02-17T01:30:21.033Z] <<< [apiv2][body] GET https://serviceusage.googleapis.com/v1/projects/linkgraph-ef877/services/artifactregistry.googleapis.com [omitted]
[info] +  artifactregistry: required API artifactregistry.googleapis.com is enabled 
[debug] [2023-02-17T01:30:21.034Z] >>> [apiv2][query] GET https://firebase.googleapis.com/v1beta1/projects/linkgraph-ef877/adminSdkConfig [none]
[debug] [2023-02-17T01:30:21.363Z] <<< [apiv2][status] GET https://firebase.googleapis.com/v1beta1/projects/linkgraph-ef877/adminSdkConfig 200
[debug] [2023-02-17T01:30:21.364Z] <<< [apiv2][body] GET https://firebase.googleapis.com/v1beta1/projects/linkgraph-ef877/adminSdkConfig {"projectId":"linkgraph-ef877","databaseURL":"https://linkgraph-ef877-default-rtdb.asia-southeast1.firebasedatabase.app","storageBucket":"linkgraph-ef877.appspot.com"}
[debug] [2023-02-17T01:30:21.365Z] >>> [apiv2][query] GET https://runtimeconfig.googleapis.com/v1beta1/projects/linkgraph-ef877/configs [none]
[debug] [2023-02-17T01:30:21.758Z] <<< [apiv2][status] GET https://runtimeconfig.googleapis.com/v1beta1/projects/linkgraph-ef877/configs 200
[debug] [2023-02-17T01:30:21.758Z] <<< [apiv2][body] GET https://runtimeconfig.googleapis.com/v1beta1/projects/linkgraph-ef877/configs {}
[debug] [2023-02-17T01:30:21.763Z] Validating nodejs source
[debug] [2023-02-17T01:30:22.842Z] > [functions] package.json contents: {
  "name": "functions",
  "description": "Cloud Functions for Firebase",
  "scripts": {
    "serve": "firebase emulators:start --only functions",
    "shell": "firebase functions:shell",
    "start": "npm run shell",
    "deploy": "firebase deploy --only functions",
    "logs": "firebase functions:log"
  },
  "engines": {
    "node": "16"
  },
  "main": "index.js",
  "dependencies": {
    "firebase-admin": "^11.5.0",
    "firebase-functions": "^4.2.0"
  },
  "devDependencies": {
    "firebase-functions-test": "^3.0.0"
  },
  "private": true
}
[debug] [2023-02-17T01:30:22.843Z] Building nodejs source
[debug] [2023-02-17T01:30:22.844Z] Could not find functions.yaml. Must use http discovery
[debug] [2023-02-17T01:30:22.849Z] Found firebase-functions binary at 'C:\Users\R\Desktop\myskill\functions\node_modules\.bin\firebase-functions'
[debug] [2023-02-17T01:30:23.008Z] Serving at port 8869

[debug] [2023-02-17T01:30:23.260Z] Got response from /__/functions.yaml {"endpoints":{"app":{"platform":"gcfv1","availableMemoryMb":null,"timeoutSeconds":null,"minInstances":null,"maxInstances":null,"ingressSettings":null,"serviceAccountEmail":null,"vpc":null,"httpsTrigger":{},"entryPoint":"app"}},"specVersion":"v1alpha1","requiredAPIs":[]}
[debug] [2023-02-17T01:30:23.268Z] shutdown requested via /__/quitquitquit

[info] i  functions: preparing functions directory for uploading... 
[info] i  functions: packaged C:\Users\R\Desktop\myskill\functions (127.81 KB) for uploading 
[debug] [2023-02-17T01:30:23.349Z] >>> [apiv2][query] GET https://cloudfunctions.googleapis.com/v1/projects/linkgraph-ef877/locations/-/functions [none]
[debug] [2023-02-17T01:30:23.944Z] <<< [apiv2][status] GET https://cloudfunctions.googleapis.com/v1/projects/linkgraph-ef877/locations/-/functions 200
[debug] [2023-02-17T01:30:23.944Z] <<< [apiv2][body] GET https://cloudfunctions.googleapis.com/v1/projects/linkgraph-ef877/locations/-/functions {}
[debug] [2023-02-17T01:30:23.945Z] >>> [apiv2][query] GET https://cloudfunctions.googleapis.com/v2/projects/linkgraph-ef877/locations/-/functions filter=environment%3D%22GEN_2%22
[debug] [2023-02-17T01:30:25.633Z] <<< [apiv2][status] GET https://cloudfunctions.googleapis.com/v2/projects/linkgraph-ef877/locations/-/functions 200
[debug] [2023-02-17T01:30:25.633Z] <<< [apiv2][body] GET https://cloudfunctions.googleapis.com/v2/projects/linkgraph-ef877/locations/-/functions {}
[debug] [2023-02-17T01:30:25.642Z] >>> [apiv2][query] GET https://firebase.googleapis.com/v1beta1/projects/linkgraph-ef877 [none]
[debug] [2023-02-17T01:30:26.207Z] <<< [apiv2][status] GET https://firebase.googleapis.com/v1beta1/projects/linkgraph-ef877 200
[debug] [2023-02-17T01:30:26.208Z] <<< [apiv2][body] GET https://firebase.googleapis.com/v1beta1/projects/linkgraph-ef877 {"projectId":"linkgraph-ef877","projectNumber":"918254694977","displayName":"Linkgraph","name":"projects/linkgraph-ef877","resources":{"hostingSite":"linkgraph-ef877","realtimeDatabaseInstance":"linkgraph-ef877-default-rtdb"},"state":"ACTIVE","etag":"1_6e3a08fd-6712-4609-b5e9-3d30eee90ae3"}
[debug] [2023-02-17T01:30:26.210Z] [functions] found 1 new HTTP functions, testing setIamPolicy permission...
[debug] [2023-02-17T01:30:26.211Z] >>> [apiv2][query] POST https://cloudresourcemanager.googleapis.com/v1/projects/linkgraph-ef877:testIamPermissions [none]
[debug] [2023-02-17T01:30:26.211Z] >>> [apiv2][(partial)header] POST https://cloudresourcemanager.googleapis.com/v1/projects/linkgraph-ef877:testIamPermissions x-goog-quota-user=projects/linkgraph-ef877
[debug] [2023-02-17T01:30:26.211Z] >>> [apiv2][body] POST https://cloudresourcemanager.googleapis.com/v1/projects/linkgraph-ef877:testIamPermissions {"permissions":["cloudfunctions.functions.setIamPolicy"]}
[debug] [2023-02-17T01:30:27.264Z] <<< [apiv2][status] POST https://cloudresourcemanager.googleapis.com/v1/projects/linkgraph-ef877:testIamPermissions 200
[debug] [2023-02-17T01:30:27.265Z] <<< [apiv2][body] POST https://cloudresourcemanager.googleapis.com/v1/projects/linkgraph-ef877:testIamPermissions {"permissions":["cloudfunctions.functions.setIamPolicy"]}
[debug] [2023-02-17T01:30:27.265Z] [functions] found setIamPolicy permission, proceeding with deploy
[debug] [2023-02-17T01:30:27.268Z] >>> [apiv2][query] POST https://cloudfunctions.googleapis.com/v1/projects/linkgraph-ef877/locations/us-central1/functions:generateUploadUrl [none]
[debug] [2023-02-17T01:30:27.268Z] >>> [apiv2][body] POST https://cloudfunctions.googleapis.com/v1/projects/linkgraph-ef877/locations/us-central1/functions:generateUploadUrl {}
[debug] [2023-02-17T01:30:28.030Z] <<< [apiv2][status] POST https://cloudfunctions.googleapis.com/v1/projects/linkgraph-ef877/locations/us-central1/functions:generateUploadUrl 200
[debug] [2023-02-17T01:30:28.030Z] <<< [apiv2][body] POST https://cloudfunctions.googleapis.com/v1/projects/linkgraph-ef877/locations/us-central1/functions:generateUploadUrl {"uploadUrl":"https://storage.googleapis.com/uploads-459058084993.us-central1.cloudfunctions.appspot.com/36f51a2f-76a9-464c-9da6-d4f877b7be28.zip?GoogleAccessId=service-918254694977@gcf-admin-robot.iam.gserviceaccount.com&Expires=1676599227&Signature=DVGdTTttCd80B6y1SJZZVaxCp72dAFYctbUMeyxd9rpm9FTUULYKywPAwiFLwi8UVjqXw4RUgTgCSz9MuWTqfgb%2FeC5R1chEkmGL32rs0uK2mQdkIjmBfrVVpHG%2F9IjBvK2OVBvv1fPNMZYXKI3ajMquYy64mGuwn4Ptjd1mHkWa%2BpdlZIGOSueXKryoO5ADJ8uLHmAw%2BkkjINpvStDYIpdslhGEojZDU2F62JEHQVwQAVw%2B3uHJ30ug6%2BntqYQa8UUVQI%2Bw6yTfy40%2BdTeRk62NQV91Rk8%2F73n5K7pejF082aCpG1maIHxvxIrJOYjqsc%2Bk2ouGFpFagZzFwHTs7A%3D%3D"}
[debug] [2023-02-17T01:30:28.032Z] >>> [apiv2][query] PUT https://storage.googleapis.com/uploads-459058084993.us-central1.cloudfunctions.appspot.com/36f51a2f-76a9-464c-9da6-d4f877b7be28.zip GoogleAccessId=service-918254694977%40gcf-admin-robot.iam.gserviceaccount.com&Expires=1676599227&Signature=DVGdTTttCd80B6y1SJZZVaxCp72dAFYctbUMeyxd9rpm9FTUULYKywPAwiFLwi8UVjqXw4RUgTgCSz9MuWTqfgb%2FeC5R1chEkmGL32rs0uK2mQdkIjmBfrVVpHG%2F9IjBvK2OVBvv1fPNMZYXKI3ajMquYy64mGuwn4Ptjd1mHkWa%2BpdlZIGOSueXKryoO5ADJ8uLHmAw%2BkkjINpvStDYIpdslhGEojZDU2F62JEHQVwQAVw%2B3uHJ30ug6%2BntqYQa8UUVQI%2Bw6yTfy40%2BdTeRk62NQV91Rk8%2F73n5K7pejF082aCpG1maIHxvxIrJOYjqsc%2Bk2ouGFpFagZzFwHTs7A%3D%3D
[debug] [2023-02-17T01:30:28.032Z] >>> [apiv2][body] PUT https://storage.googleapis.com/uploads-459058084993.us-central1.cloudfunctions.appspot.com/36f51a2f-76a9-464c-9da6-d4f877b7be28.zip [stream]
[debug] [2023-02-17T01:30:29.547Z] <<< [apiv2][status] PUT https://storage.googleapis.com/uploads-459058084993.us-central1.cloudfunctions.appspot.com/36f51a2f-76a9-464c-9da6-d4f877b7be28.zip 200
[debug] [2023-02-17T01:30:29.547Z] <<< [apiv2][body] PUT https://storage.googleapis.com/uploads-459058084993.us-central1.cloudfunctions.appspot.com/36f51a2f-76a9-464c-9da6-d4f877b7be28.zip [omitted]
[info] +  functions: functions folder uploaded successfully 
[info] i  functions: creating Node.js 16 function app(us-central1)... 
[debug] [2023-02-17T01:30:29.557Z] >>> [apiv2][query] POST https://cloudfunctions.googleapis.com/v1/projects/linkgraph-ef877/locations/us-central1/functions [none]
[debug] [2023-02-17T01:30:29.557Z] >>> [apiv2][body] POST https://cloudfunctions.googleapis.com/v1/projects/linkgraph-ef877/locations/us-central1/functions {"name":"projects/linkgraph-ef877/locations/us-central1/functions/app","sourceUploadUrl":"https://storage.googleapis.com/uploads-459058084993.us-central1.cloudfunctions.appspot.com/36f51a2f-76a9-464c-9da6-d4f877b7be28.zip?GoogleAccessId=service-918254694977@gcf-admin-robot.iam.gserviceaccount.com&Expires=1676599227&Signature=DVGdTTttCd80B6y1SJZZVaxCp72dAFYctbUMeyxd9rpm9FTUULYKywPAwiFLwi8UVjqXw4RUgTgCSz9MuWTqfgb%2FeC5R1chEkmGL32rs0uK2mQdkIjmBfrVVpHG%2F9IjBvK2OVBvv1fPNMZYXKI3ajMquYy64mGuwn4Ptjd1mHkWa%2BpdlZIGOSueXKryoO5ADJ8uLHmAw%2BkkjINpvStDYIpdslhGEojZDU2F62JEHQVwQAVw%2B3uHJ30ug6%2BntqYQa8UUVQI%2Bw6yTfy40%2BdTeRk62NQV91Rk8%2F73n5K7pejF082aCpG1maIHxvxIrJOYjqsc%2Bk2ouGFpFagZzFwHTs7A%3D%3D","entryPoint":"app","runtime":"nodejs16","dockerRegistry":"ARTIFACT_REGISTRY","labels":{"deployment-tool":"cli-firebase","firebase-functions-hash":"fbc2a364d53e4a8e77124b55656d914f3fac3303"},"httpsTrigger":{"securityLevel":"SECURE_ALWAYS"},"minInstances":null,"maxInstances":null,"ingressSettings":null,"environmentVariables":{"FIREBASE_CONFIG":"{\"projectId\":\"linkgraph-ef877\",\"databaseURL\":\"https://linkgraph-ef877-default-rtdb.asia-southeast1.firebasedatabase.app\",\"storageBucket\":\"linkgraph-ef877.appspot.com\"}","GCLOUD_PROJECT":"linkgraph-ef877","EVENTARC_CLOUD_EVENT_SOURCE":"projects/linkgraph-ef877/locations/us-central1/functions/app"},"serviceAccountEmail":null,"availableMemoryMb":null,"timeout":null,"vpcConnector":null,"vpcConnectorEgressSettings":null}
[debug] [2023-02-17T01:30:30.311Z] <<< [apiv2][status] POST https://cloudfunctions.googleapis.com/v1/projects/linkgraph-ef877/locations/us-central1/functions 200
[debug] [2023-02-17T01:30:30.311Z] <<< [apiv2][body] POST https://cloudfunctions.googleapis.com/v1/projects/linkgraph-ef877/locations/us-central1/functions {"name":"operations/bGlua2dyYXBoLWVmODc3L3VzLWNlbnRyYWwxL2FwcC9ZWUJmT1VIRklScw","metadata":{"@type":"type.googleapis.com/google.cloud.functions.v1.OperationMetadataV1","target":"projects/linkgraph-ef877/locations/us-central1/functions/app","type":"CREATE_FUNCTION","request":{"@type":"type.googleapis.com/google.cloud.functions.v1.CloudFunction","name":"projects/linkgraph-ef877/locations/us-central1/functions/app","httpsTrigger":{"securityLevel":"SECURE_ALWAYS"},"entryPoint":"app","labels":{"deployment-tool":"cli-firebase","firebase-functions-hash":"fbc2a364d53e4a8e77124b55656d914f3fac3303"},"sourceUploadUrl":"https://storage.googleapis.com/uploads-459058084993.us-central1.cloudfunctions.appspot.com/36f51a2f-76a9-464c-9da6-d4f877b7be28.zip?GoogleAccessId=service-918254694977@gcf-admin-robot.iam.gserviceaccount.com&Expires=1676599227&Signature=DVGdTTttCd80B6y1SJZZVaxCp72dAFYctbUMeyxd9rpm9FTUULYKywPAwiFLwi8UVjqXw4RUgTgCSz9MuWTqfgb%2FeC5R1chEkmGL32rs0uK2mQdkIjmBfrVVpHG%2F9IjBvK2OVBvv1fPNMZYXKI3ajMquYy64mGuwn4Ptjd1mHkWa%2BpdlZIGOSueXKryoO5ADJ8uLHmAw%2BkkjINpvStDYIpdslhGEojZDU2F62JEHQVwQAVw%2B3uHJ30ug6%2BntqYQa8UUVQI%2Bw6yTfy40%2BdTeRk62NQV91Rk8%2F73n5K7pejF082aCpG1maIHxvxIrJOYjqsc%2Bk2ouGFpFagZzFwHTs7A%3D%3D","environmentVariables":{"FIREBASE_CONFIG":"{\"projectId\":\"linkgraph-ef877\",\"databaseURL\":\"https://linkgraph-ef877-default-rtdb.asia-southeast1.firebasedatabase.app\",\"storageBucket\":\"linkgraph-ef877.appspot.com\"}","GCLOUD_PROJECT":"linkgraph-ef877","EVENTARC_CLOUD_EVENT_SOURCE":"projects/linkgraph-ef877/locations/us-central1/functions/app"},"runtime":"nodejs16","dockerRegistry":"ARTIFACT_REGISTRY"},"versionId":"1","updateTime":"2023-02-17T01:30:30Z"}}
[debug] [2023-02-17T01:30:30.313Z] >>> [apiv2][query] GET https://cloudfunctions.googleapis.com/v1/operations/bGlua2dyYXBoLWVmODc3L3VzLWNlbnRyYWwxL2FwcC9ZWUJmT1VIRklScw [none]
[debug] [2023-02-17T01:30:30.705Z] <<< [apiv2][status] GET https://cloudfunctions.googleapis.com/v1/operations/bGlua2dyYXBoLWVmODc3L3VzLWNlbnRyYWwxL2FwcC9ZWUJmT1VIRklScw 200
[debug] [2023-02-17T01:30:30.706Z] <<< [apiv2][body] GET https://cloudfunctions.googleapis.com/v1/operations/bGlua2dyYXBoLWVmODc3L3VzLWNlbnRyYWwxL2FwcC9ZWUJmT1VIRklScw {"name":"operations/bGlua2dyYXBoLWVmODc3L3VzLWNlbnRyYWwxL2FwcC9ZWUJmT1VIRklScw","metadata":{"@type":"type.googleapis.com/google.cloud.functions.v1.OperationMetadataV1","target":"projects/linkgraph-ef877/locations/us-central1/functions/app","type":"CREATE_FUNCTION","request":{"@type":"type.googleapis.com/google.cloud.functions.v1.CloudFunction","name":"projects/linkgraph-ef877/locations/us-central1/functions/app","httpsTrigger":{"securityLevel":"SECURE_ALWAYS"},"entryPoint":"app","labels":{"deployment-tool":"cli-firebase","firebase-functions-hash":"fbc2a364d53e4a8e77124b55656d914f3fac3303"},"sourceUploadUrl":"https://storage.googleapis.com/uploads-459058084993.us-central1.cloudfunctions.appspot.com/36f51a2f-76a9-464c-9da6-d4f877b7be28.zip?GoogleAccessId=service-918254694977@gcf-admin-robot.iam.gserviceaccount.com&Expires=1676599227&Signature=DVGdTTttCd80B6y1SJZZVaxCp72dAFYctbUMeyxd9rpm9FTUULYKywPAwiFLwi8UVjqXw4RUgTgCSz9MuWTqfgb%2FeC5R1chEkmGL32rs0uK2mQdkIjmBfrVVpHG%2F9IjBvK2OVBvv1fPNMZYXKI3ajMquYy64mGuwn4Ptjd1mHkWa%2BpdlZIGOSueXKryoO5ADJ8uLHmAw%2BkkjINpvStDYIpdslhGEojZDU2F62JEHQVwQAVw%2B3uHJ30ug6%2BntqYQa8UUVQI%2Bw6yTfy40%2BdTeRk62NQV91Rk8%2F73n5K7pejF082aCpG1maIHxvxIrJOYjqsc%2Bk2ouGFpFagZzFwHTs7A%3D%3D","environmentVariables":{"FIREBASE_CONFIG":"{\"projectId\":\"linkgraph-ef877\",\"databaseURL\":\"https://linkgraph-ef877-default-rtdb.asia-southeast1.firebasedatabase.app\",\"storageBucket\":\"linkgraph-ef877.appspot.com\"}","GCLOUD_PROJECT":"linkgraph-ef877","EVENTARC_CLOUD_EVENT_SOURCE":"projects/linkgraph-ef877/locations/us-central1/functions/app"},"runtime":"nodejs16","dockerRegistry":"ARTIFACT_REGISTRY"},"versionId":"1","updateTime":"2023-02-17T01:30:30Z"}}
[debug] [2023-02-17T01:30:31.212Z] [create-default-us-central1-app] Retrying task index 0
[debug] [2023-02-17T01:30:31.213Z] >>> [apiv2][query] GET https://cloudfunctions.googleapis.com/v1/operations/bGlua2dyYXBoLWVmODc3L3VzLWNlbnRyYWwxL2FwcC9ZWUJmT1VIRklScw [none]
[debug] [2023-02-17T01:30:31.599Z] <<< [apiv2][status] GET https://cloudfunctions.googleapis.com/v1/operations/bGlua2dyYXBoLWVmODc3L3VzLWNlbnRyYWwxL2FwcC9ZWUJmT1VIRklScw 200
[debug] [2023-02-17T01:30:31.599Z] <<< [apiv2][body] GET https://cloudfunctions.googleapis.com/v1/operations/bGlua2dyYXBoLWVmODc3L3VzLWNlbnRyYWwxL2FwcC9ZWUJmT1VIRklScw {"name":"operations/bGlua2dyYXBoLWVmODc3L3VzLWNlbnRyYWwxL2FwcC9ZWUJmT1VIRklScw","metadata":{"@type":"type.googleapis.com/google.cloud.functions.v1.OperationMetadataV1","target":"projects/linkgraph-ef877/locations/us-central1/functions/app","type":"CREATE_FUNCTION","request":{"@type":"type.googleapis.com/google.cloud.functions.v1.CloudFunction","name":"projects/linkgraph-ef877/locations/us-central1/functions/app","httpsTrigger":{"securityLevel":"SECURE_ALWAYS"},"entryPoint":"app","labels":{"deployment-tool":"cli-firebase","firebase-functions-hash":"fbc2a364d53e4a8e77124b55656d914f3fac3303"},"sourceUploadUrl":"https://storage.googleapis.com/uploads-459058084993.us-central1.cloudfunctions.appspot.com/36f51a2f-76a9-464c-9da6-d4f877b7be28.zip?GoogleAccessId=service-918254694977@gcf-admin-robot.iam.gserviceaccount.com&Expires=1676599227&Signature=DVGdTTttCd80B6y1SJZZVaxCp72dAFYctbUMeyxd9rpm9FTUULYKywPAwiFLwi8UVjqXw4RUgTgCSz9MuWTqfgb%2FeC5R1chEkmGL32rs0uK2mQdkIjmBfrVVpHG%2F9IjBvK2OVBvv1fPNMZYXKI3ajMquYy64mGuwn4Ptjd1mHkWa%2BpdlZIGOSueXKryoO5ADJ8uLHmAw%2BkkjINpvStDYIpdslhGEojZDU2F62JEHQVwQAVw%2B3uHJ30ug6%2BntqYQa8UUVQI%2Bw6yTfy40%2BdTeRk62NQV91Rk8%2F73n5K7pejF082aCpG1maIHxvxIrJOYjqsc%2Bk2ouGFpFagZzFwHTs7A%3D%3D","environmentVariables":{"FIREBASE_CONFIG":"{\"projectId\":\"linkgraph-ef877\",\"databaseURL\":\"https://linkgraph-ef877-default-rtdb.asia-southeast1.firebasedatabase.app\",\"storageBucket\":\"linkgraph-ef877.appspot.com\"}","GCLOUD_PROJECT":"linkgraph-ef877","EVENTARC_CLOUD_EVENT_SOURCE":"projects/linkgraph-ef877/locations/us-central1/functions/app"},"runtime":"nodejs16","dockerRegistry":"ARTIFACT_REGISTRY"},"versionId":"1","updateTime":"2023-02-17T01:30:30Z","buildId":"e88d4f35-0456-46d6-9de6-2953a70b91be","buildName":"projects/918254694977/locations/us-central1/builds/e88d4f35-0456-46d6-9de6-2953a70b91be"}}
[debug] [2023-02-17T01:30:32.609Z] [create-default-us-central1-app] Retrying task index 0
[debug] [2023-02-17T01:30:32.610Z] >>> [apiv2][query] GET https://cloudfunctions.googleapis.com/v1/operations/bGlua2dyYXBoLWVmODc3L3VzLWNlbnRyYWwxL2FwcC9ZWUJmT1VIRklScw [none]
[debug] [2023-02-17T01:30:33.040Z] <<< [apiv2][status] GET https://cloudfunctions.googleapis.com/v1/operations/bGlua2dyYXBoLWVmODc3L3VzLWNlbnRyYWwxL2FwcC9ZWUJmT1VIRklScw 200
[debug] [2023-02-17T01:30:33.040Z] <<< [apiv2][body] GET https://cloudfunctions.googleapis.com/v1/operations/bGlua2dyYXBoLWVmODc3L3VzLWNlbnRyYWwxL2FwcC9ZWUJmT1VIRklScw {"name":"operations/bGlua2dyYXBoLWVmODc3L3VzLWNlbnRyYWwxL2FwcC9ZWUJmT1VIRklScw","metadata":{"@type":"type.googleapis.com/google.cloud.functions.v1.OperationMetadataV1","target":"projects/linkgraph-ef877/locations/us-central1/functions/app","type":"CREATE_FUNCTION","request":{"@type":"type.googleapis.com/google.cloud.functions.v1.CloudFunction","name":"projects/linkgraph-ef877/locations/us-central1/functions/app","httpsTrigger":{"securityLevel":"SECURE_ALWAYS"},"entryPoint":"app","labels":{"deployment-tool":"cli-firebase","firebase-functions-hash":"fbc2a364d53e4a8e77124b55656d914f3fac3303"},"sourceUploadUrl":"https://storage.googleapis.com/uploads-459058084993.us-central1.cloudfunctions.appspot.com/36f51a2f-76a9-464c-9da6-d4f877b7be28.zip?GoogleAccessId=service-918254694977@gcf-admin-robot.iam.gserviceaccount.com&Expires=1676599227&Signature=DVGdTTttCd80B6y1SJZZVaxCp72dAFYctbUMeyxd9rpm9FTUULYKywPAwiFLwi8UVjqXw4RUgTgCSz9MuWTqfgb%2FeC5R1chEkmGL32rs0uK2mQdkIjmBfrVVpHG%2F9IjBvK2OVBvv1fPNMZYXKI3ajMquYy64mGuwn4Ptjd1mHkWa%2BpdlZIGOSueXKryoO5ADJ8uLHmAw%2BkkjINpvStDYIpdslhGEojZDU2F62JEHQVwQAVw%2B3uHJ30ug6%2BntqYQa8UUVQI%2Bw6yTfy40%2BdTeRk62NQV91Rk8%2F73n5K7pejF082aCpG1maIHxvxIrJOYjqsc%2Bk2ouGFpFagZzFwHTs7A%3D%3D","environmentVariables":{"FIREBASE_CONFIG":"{\"projectId\":\"linkgraph-ef877\",\"databaseURL\":\"https://linkgraph-ef877-default-rtdb.asia-southeast1.firebasedatabase.app\",\"storageBucket\":\"linkgraph-ef877.appspot.com\"}","GCLOUD_PROJECT":"linkgraph-ef877","EVENTARC_CLOUD_EVENT_SOURCE":"projects/linkgraph-ef877/locations/us-central1/functions/app"},"runtime":"nodejs16","dockerRegistry":"ARTIFACT_REGISTRY"},"versionId":"1","updateTime":"2023-02-17T01:30:30Z","buildId":"e88d4f35-0456-46d6-9de6-2953a70b91be","buildName":"projects/918254694977/locations/us-central1/builds/e88d4f35-0456-46d6-9de6-2953a70b91be"}}
[debug] [2023-02-17T01:30:35.052Z] [create-default-us-central1-app] Retrying task index 0
[debug] [2023-02-17T01:30:35.053Z] >>> [apiv2][query] GET https://cloudfunctions.googleapis.com/v1/operations/bGlua2dyYXBoLWVmODc3L3VzLWNlbnRyYWwxL2FwcC9ZWUJmT1VIRklScw [none]
[debug] [2023-02-17T01:30:35.503Z] <<< [apiv2][status] GET https://cloudfunctions.googleapis.com/v1/operations/bGlua2dyYXBoLWVmODc3L3VzLWNlbnRyYWwxL2FwcC9ZWUJmT1VIRklScw 200
[debug] [2023-02-17T01:30:35.503Z] <<< [apiv2][body] GET https://cloudfunctions.googleapis.com/v1/operations/bGlua2dyYXBoLWVmODc3L3VzLWNlbnRyYWwxL2FwcC9ZWUJmT1VIRklScw {"name":"operations/bGlua2dyYXBoLWVmODc3L3VzLWNlbnRyYWwxL2FwcC9ZWUJmT1VIRklScw","metadata":{"@type":"type.googleapis.com/google.cloud.functions.v1.OperationMetadataV1","target":"projects/linkgraph-ef877/locations/us-central1/functions/app","type":"CREATE_FUNCTION","request":{"@type":"type.googleapis.com/google.cloud.functions.v1.CloudFunction","name":"projects/linkgraph-ef877/locations/us-central1/functions/app","httpsTrigger":{"securityLevel":"SECURE_ALWAYS"},"entryPoint":"app","labels":{"deployment-tool":"cli-firebase","firebase-functions-hash":"fbc2a364d53e4a8e77124b55656d914f3fac3303"},"sourceUploadUrl":"https://storage.googleapis.com/uploads-459058084993.us-central1.cloudfunctions.appspot.com/36f51a2f-76a9-464c-9da6-d4f877b7be28.zip?GoogleAccessId=service-918254694977@gcf-admin-robot.iam.gserviceaccount.com&Expires=1676599227&Signature=DVGdTTttCd80B6y1SJZZVaxCp72dAFYctbUMeyxd9rpm9FTUULYKywPAwiFLwi8UVjqXw4RUgTgCSz9MuWTqfgb%2FeC5R1chEkmGL32rs0uK2mQdkIjmBfrVVpHG%2F9IjBvK2OVBvv1fPNMZYXKI3ajMquYy64mGuwn4Ptjd1mHkWa%2BpdlZIGOSueXKryoO5ADJ8uLHmAw%2BkkjINpvStDYIpdslhGEojZDU2F62JEHQVwQAVw%2B3uHJ30ug6%2BntqYQa8UUVQI%2Bw6yTfy40%2BdTeRk62NQV91Rk8%2F73n5K7pejF082aCpG1maIHxvxIrJOYjqsc%2Bk2ouGFpFagZzFwHTs7A%3D%3D","environmentVariables":{"FIREBASE_CONFIG":"{\"projectId\":\"linkgraph-ef877\",\"databaseURL\":\"https://linkgraph-ef877-default-rtdb.asia-southeast1.firebasedatabase.app\",\"storageBucket\":\"linkgraph-ef877.appspot.com\"}","GCLOUD_PROJECT":"linkgraph-ef877","EVENTARC_CLOUD_EVENT_SOURCE":"projects/linkgraph-ef877/locations/us-central1/functions/app"},"runtime":"nodejs16","dockerRegistry":"ARTIFACT_REGISTRY"},"versionId":"1","updateTime":"2023-02-17T01:30:30Z","buildId":"e88d4f35-0456-46d6-9de6-2953a70b91be","buildName":"projects/918254694977/locations/us-central1/builds/e88d4f35-0456-46d6-9de6-2953a70b91be"}}
[debug] [2023-02-17T01:30:39.505Z] [create-default-us-central1-app] Retrying task index 0
[debug] [2023-02-17T01:30:39.506Z] >>> [apiv2][query] GET https://cloudfunctions.googleapis.com/v1/operations/bGlua2dyYXBoLWVmODc3L3VzLWNlbnRyYWwxL2FwcC9ZWUJmT1VIRklScw [none]
[debug] [2023-02-17T01:30:39.922Z] <<< [apiv2][status] GET https://cloudfunctions.googleapis.com/v1/operations/bGlua2dyYXBoLWVmODc3L3VzLWNlbnRyYWwxL2FwcC9ZWUJmT1VIRklScw 200
[debug] [2023-02-17T01:30:39.923Z] <<< [apiv2][body] GET https://cloudfunctions.googleapis.com/v1/operations/bGlua2dyYXBoLWVmODc3L3VzLWNlbnRyYWwxL2FwcC9ZWUJmT1VIRklScw {"name":"operations/bGlua2dyYXBoLWVmODc3L3VzLWNlbnRyYWwxL2FwcC9ZWUJmT1VIRklScw","metadata":{"@type":"type.googleapis.com/google.cloud.functions.v1.OperationMetadataV1","target":"projects/linkgraph-ef877/locations/us-central1/functions/app","type":"CREATE_FUNCTION","request":{"@type":"type.googleapis.com/google.cloud.functions.v1.CloudFunction","name":"projects/linkgraph-ef877/locations/us-central1/functions/app","httpsTrigger":{"securityLevel":"SECURE_ALWAYS"},"entryPoint":"app","labels":{"deployment-tool":"cli-firebase","firebase-functions-hash":"fbc2a364d53e4a8e77124b55656d914f3fac3303"},"sourceUploadUrl":"https://storage.googleapis.com/uploads-459058084993.us-central1.cloudfunctions.appspot.com/36f51a2f-76a9-464c-9da6-d4f877b7be28.zip?GoogleAccessId=service-918254694977@gcf-admin-robot.iam.gserviceaccount.com&Expires=1676599227&Signature=DVGdTTttCd80B6y1SJZZVaxCp72dAFYctbUMeyxd9rpm9FTUULYKywPAwiFLwi8UVjqXw4RUgTgCSz9MuWTqfgb%2FeC5R1chEkmGL32rs0uK2mQdkIjmBfrVVpHG%2F9IjBvK2OVBvv1fPNMZYXKI3ajMquYy64mGuwn4Ptjd1mHkWa%2BpdlZIGOSueXKryoO5ADJ8uLHmAw%2BkkjINpvStDYIpdslhGEojZDU2F62JEHQVwQAVw%2B3uHJ30ug6%2BntqYQa8UUVQI%2Bw6yTfy40%2BdTeRk62NQV91Rk8%2F73n5K7pejF082aCpG1maIHxvxIrJOYjqsc%2Bk2ouGFpFagZzFwHTs7A%3D%3D","environmentVariables":{"FIREBASE_CONFIG":"{\"projectId\":\"linkgraph-ef877\",\"databaseURL\":\"https://linkgraph-ef877-default-rtdb.asia-southeast1.firebasedatabase.app\",\"storageBucket\":\"linkgraph-ef877.appspot.com\"}","GCLOUD_PROJECT":"linkgraph-ef877","EVENTARC_CLOUD_EVENT_SOURCE":"projects/linkgraph-ef877/locations/us-central1/functions/app"},"runtime":"nodejs16","dockerRegistry":"ARTIFACT_REGISTRY"},"versionId":"1","updateTime":"2023-02-17T01:30:30Z","buildId":"e88d4f35-0456-46d6-9de6-2953a70b91be","buildName":"projects/918254694977/locations/us-central1/builds/e88d4f35-0456-46d6-9de6-2953a70b91be"}}
[debug] [2023-02-17T01:30:47.934Z] [create-default-us-central1-app] Retrying task index 0
[debug] [2023-02-17T01:30:47.935Z] >>> [apiv2][query] GET https://cloudfunctions.googleapis.com/v1/operations/bGlua2dyYXBoLWVmODc3L3VzLWNlbnRyYWwxL2FwcC9ZWUJmT1VIRklScw [none]
[debug] [2023-02-17T01:30:48.386Z] <<< [apiv2][status] GET https://cloudfunctions.googleapis.com/v1/operations/bGlua2dyYXBoLWVmODc3L3VzLWNlbnRyYWwxL2FwcC9ZWUJmT1VIRklScw 200
[debug] [2023-02-17T01:30:48.386Z] <<< [apiv2][body] GET https://cloudfunctions.googleapis.com/v1/operations/bGlua2dyYXBoLWVmODc3L3VzLWNlbnRyYWwxL2FwcC9ZWUJmT1VIRklScw {"name":"operations/bGlua2dyYXBoLWVmODc3L3VzLWNlbnRyYWwxL2FwcC9ZWUJmT1VIRklScw","metadata":{"@type":"type.googleapis.com/google.cloud.functions.v1.OperationMetadataV1","target":"projects/linkgraph-ef877/locations/us-central1/functions/app","type":"CREATE_FUNCTION","request":{"@type":"type.googleapis.com/google.cloud.functions.v1.CloudFunction","name":"projects/linkgraph-ef877/locations/us-central1/functions/app","httpsTrigger":{"securityLevel":"SECURE_ALWAYS"},"entryPoint":"app","labels":{"deployment-tool":"cli-firebase","firebase-functions-hash":"fbc2a364d53e4a8e77124b55656d914f3fac3303"},"sourceUploadUrl":"https://storage.googleapis.com/uploads-459058084993.us-central1.cloudfunctions.appspot.com/36f51a2f-76a9-464c-9da6-d4f877b7be28.zip?GoogleAccessId=service-918254694977@gcf-admin-robot.iam.gserviceaccount.com&Expires=1676599227&Signature=DVGdTTttCd80B6y1SJZZVaxCp72dAFYctbUMeyxd9rpm9FTUULYKywPAwiFLwi8UVjqXw4RUgTgCSz9MuWTqfgb%2FeC5R1chEkmGL32rs0uK2mQdkIjmBfrVVpHG%2F9IjBvK2OVBvv1fPNMZYXKI3ajMquYy64mGuwn4Ptjd1mHkWa%2BpdlZIGOSueXKryoO5ADJ8uLHmAw%2BkkjINpvStDYIpdslhGEojZDU2F62JEHQVwQAVw%2B3uHJ30ug6%2BntqYQa8UUVQI%2Bw6yTfy40%2BdTeRk62NQV91Rk8%2F73n5K7pejF082aCpG1maIHxvxIrJOYjqsc%2Bk2ouGFpFagZzFwHTs7A%3D%3D","environmentVariables":{"FIREBASE_CONFIG":"{\"projectId\":\"linkgraph-ef877\",\"databaseURL\":\"https://linkgraph-ef877-default-rtdb.asia-southeast1.firebasedatabase.app\",\"storageBucket\":\"linkgraph-ef877.appspot.com\"}","GCLOUD_PROJECT":"linkgraph-ef877","EVENTARC_CLOUD_EVENT_SOURCE":"projects/linkgraph-ef877/locations/us-central1/functions/app"},"runtime":"nodejs16","dockerRegistry":"ARTIFACT_REGISTRY"},"versionId":"1","updateTime":"2023-02-17T01:30:30Z","buildId":"e88d4f35-0456-46d6-9de6-2953a70b91be","buildName":"projects/918254694977/locations/us-central1/builds/e88d4f35-0456-46d6-9de6-2953a70b91be"}}
[debug] [2023-02-17T01:30:58.393Z] [create-default-us-central1-app] Retrying task index 0
[debug] [2023-02-17T01:30:58.394Z] >>> [apiv2][query] GET https://cloudfunctions.googleapis.com/v1/operations/bGlua2dyYXBoLWVmODc3L3VzLWNlbnRyYWwxL2FwcC9ZWUJmT1VIRklScw [none]
[debug] [2023-02-17T01:30:59.707Z] <<< [apiv2][status] GET https://cloudfunctions.googleapis.com/v1/operations/bGlua2dyYXBoLWVmODc3L3VzLWNlbnRyYWwxL2FwcC9ZWUJmT1VIRklScw 200
[debug] [2023-02-17T01:30:59.707Z] <<< [apiv2][body] GET https://cloudfunctions.googleapis.com/v1/operations/bGlua2dyYXBoLWVmODc3L3VzLWNlbnRyYWwxL2FwcC9ZWUJmT1VIRklScw {"name":"operations/bGlua2dyYXBoLWVmODc3L3VzLWNlbnRyYWwxL2FwcC9ZWUJmT1VIRklScw","metadata":{"@type":"type.googleapis.com/google.cloud.functions.v1.OperationMetadataV1","target":"projects/linkgraph-ef877/locations/us-central1/functions/app","type":"CREATE_FUNCTION","request":{"@type":"type.googleapis.com/google.cloud.functions.v1.CloudFunction","name":"projects/linkgraph-ef877/locations/us-central1/functions/app","httpsTrigger":{"securityLevel":"SECURE_ALWAYS"},"entryPoint":"app","labels":{"deployment-tool":"cli-firebase","firebase-functions-hash":"fbc2a364d53e4a8e77124b55656d914f3fac3303"},"sourceUploadUrl":"https://storage.googleapis.com/uploads-459058084993.us-central1.cloudfunctions.appspot.com/36f51a2f-76a9-464c-9da6-d4f877b7be28.zip?GoogleAccessId=service-918254694977@gcf-admin-robot.iam.gserviceaccount.com&Expires=1676599227&Signature=DVGdTTttCd80B6y1SJZZVaxCp72dAFYctbUMeyxd9rpm9FTUULYKywPAwiFLwi8UVjqXw4RUgTgCSz9MuWTqfgb%2FeC5R1chEkmGL32rs0uK2mQdkIjmBfrVVpHG%2F9IjBvK2OVBvv1fPNMZYXKI3ajMquYy64mGuwn4Ptjd1mHkWa%2BpdlZIGOSueXKryoO5ADJ8uLHmAw%2BkkjINpvStDYIpdslhGEojZDU2F62JEHQVwQAVw%2B3uHJ30ug6%2BntqYQa8UUVQI%2Bw6yTfy40%2BdTeRk62NQV91Rk8%2F73n5K7pejF082aCpG1maIHxvxIrJOYjqsc%2Bk2ouGFpFagZzFwHTs7A%3D%3D","environmentVariables":{"FIREBASE_CONFIG":"{\"projectId\":\"linkgraph-ef877\",\"databaseURL\":\"https://linkgraph-ef877-default-rtdb.asia-southeast1.firebasedatabase.app\",\"storageBucket\":\"linkgraph-ef877.appspot.com\"}","GCLOUD_PROJECT":"linkgraph-ef877","EVENTARC_CLOUD_EVENT_SOURCE":"projects/linkgraph-ef877/locations/us-central1/functions/app"},"runtime":"nodejs16","dockerRegistry":"ARTIFACT_REGISTRY"},"versionId":"1","updateTime":"2023-02-17T01:30:30Z","buildId":"e88d4f35-0456-46d6-9de6-2953a70b91be","buildName":"projects/918254694977/locations/us-central1/builds/e88d4f35-0456-46d6-9de6-2953a70b91be"}}
[debug] [2023-02-17T01:31:09.707Z] [create-default-us-central1-app] Retrying task index 0
[debug] [2023-02-17T01:31:09.708Z] >>> [apiv2][query] GET https://cloudfunctions.googleapis.com/v1/operations/bGlua2dyYXBoLWVmODc3L3VzLWNlbnRyYWwxL2FwcC9ZWUJmT1VIRklScw [none]
[debug] [2023-02-17T01:31:10.079Z] <<< [apiv2][status] GET https://cloudfunctions.googleapis.com/v1/operations/bGlua2dyYXBoLWVmODc3L3VzLWNlbnRyYWwxL2FwcC9ZWUJmT1VIRklScw 200
[debug] [2023-02-17T01:31:10.079Z] <<< [apiv2][body] GET https://cloudfunctions.googleapis.com/v1/operations/bGlua2dyYXBoLWVmODc3L3VzLWNlbnRyYWwxL2FwcC9ZWUJmT1VIRklScw {"name":"operations/bGlua2dyYXBoLWVmODc3L3VzLWNlbnRyYWwxL2FwcC9ZWUJmT1VIRklScw","metadata":{"@type":"type.googleapis.com/google.cloud.functions.v1.OperationMetadataV1","target":"projects/linkgraph-ef877/locations/us-central1/functions/app","type":"CREATE_FUNCTION","request":{"@type":"type.googleapis.com/google.cloud.functions.v1.CloudFunction","name":"projects/linkgraph-ef877/locations/us-central1/functions/app","httpsTrigger":{"securityLevel":"SECURE_ALWAYS"},"entryPoint":"app","labels":{"deployment-tool":"cli-firebase","firebase-functions-hash":"fbc2a364d53e4a8e77124b55656d914f3fac3303"},"sourceUploadUrl":"https://storage.googleapis.com/uploads-459058084993.us-central1.cloudfunctions.appspot.com/36f51a2f-76a9-464c-9da6-d4f877b7be28.zip?GoogleAccessId=service-918254694977@gcf-admin-robot.iam.gserviceaccount.com&Expires=1676599227&Signature=DVGdTTttCd80B6y1SJZZVaxCp72dAFYctbUMeyxd9rpm9FTUULYKywPAwiFLwi8UVjqXw4RUgTgCSz9MuWTqfgb%2FeC5R1chEkmGL32rs0uK2mQdkIjmBfrVVpHG%2F9IjBvK2OVBvv1fPNMZYXKI3ajMquYy64mGuwn4Ptjd1mHkWa%2BpdlZIGOSueXKryoO5ADJ8uLHmAw%2BkkjINpvStDYIpdslhGEojZDU2F62JEHQVwQAVw%2B3uHJ30ug6%2BntqYQa8UUVQI%2Bw6yTfy40%2BdTeRk62NQV91Rk8%2F73n5K7pejF082aCpG1maIHxvxIrJOYjqsc%2Bk2ouGFpFagZzFwHTs7A%3D%3D","environmentVariables":{"FIREBASE_CONFIG":"{\"projectId\":\"linkgraph-ef877\",\"databaseURL\":\"https://linkgraph-ef877-default-rtdb.asia-southeast1.firebasedatabase.app\",\"storageBucket\":\"linkgraph-ef877.appspot.com\"}","GCLOUD_PROJECT":"linkgraph-ef877","EVENTARC_CLOUD_EVENT_SOURCE":"projects/linkgraph-ef877/locations/us-central1/functions/app"},"runtime":"nodejs16","dockerRegistry":"ARTIFACT_REGISTRY"},"versionId":"1","updateTime":"2023-02-17T01:30:30Z","buildId":"e88d4f35-0456-46d6-9de6-2953a70b91be","buildName":"projects/918254694977/locations/us-central1/builds/e88d4f35-0456-46d6-9de6-2953a70b91be"}}
[debug] [2023-02-17T01:31:20.080Z] [create-default-us-central1-app] Retrying task index 0
[debug] [2023-02-17T01:31:20.080Z] >>> [apiv2][query] GET https://cloudfunctions.googleapis.com/v1/operations/bGlua2dyYXBoLWVmODc3L3VzLWNlbnRyYWwxL2FwcC9ZWUJmT1VIRklScw [none]
[debug] [2023-02-17T01:31:20.502Z] <<< [apiv2][status] GET https://cloudfunctions.googleapis.com/v1/operations/bGlua2dyYXBoLWVmODc3L3VzLWNlbnRyYWwxL2FwcC9ZWUJmT1VIRklScw 200
[debug] [2023-02-17T01:31:20.503Z] <<< [apiv2][body] GET https://cloudfunctions.googleapis.com/v1/operations/bGlua2dyYXBoLWVmODc3L3VzLWNlbnRyYWwxL2FwcC9ZWUJmT1VIRklScw {"name":"operations/bGlua2dyYXBoLWVmODc3L3VzLWNlbnRyYWwxL2FwcC9ZWUJmT1VIRklScw","metadata":{"@type":"type.googleapis.com/google.cloud.functions.v1.OperationMetadataV1","target":"projects/linkgraph-ef877/locations/us-central1/functions/app","type":"CREATE_FUNCTION","request":{"@type":"type.googleapis.com/google.cloud.functions.v1.CloudFunction","name":"projects/linkgraph-ef877/locations/us-central1/functions/app","httpsTrigger":{"securityLevel":"SECURE_ALWAYS"},"entryPoint":"app","labels":{"deployment-tool":"cli-firebase","firebase-functions-hash":"fbc2a364d53e4a8e77124b55656d914f3fac3303"},"sourceUploadUrl":"https://storage.googleapis.com/uploads-459058084993.us-central1.cloudfunctions.appspot.com/36f51a2f-76a9-464c-9da6-d4f877b7be28.zip?GoogleAccessId=service-918254694977@gcf-admin-robot.iam.gserviceaccount.com&Expires=1676599227&Signature=DVGdTTttCd80B6y1SJZZVaxCp72dAFYctbUMeyxd9rpm9FTUULYKywPAwiFLwi8UVjqXw4RUgTgCSz9MuWTqfgb%2FeC5R1chEkmGL32rs0uK2mQdkIjmBfrVVpHG%2F9IjBvK2OVBvv1fPNMZYXKI3ajMquYy64mGuwn4Ptjd1mHkWa%2BpdlZIGOSueXKryoO5ADJ8uLHmAw%2BkkjINpvStDYIpdslhGEojZDU2F62JEHQVwQAVw%2B3uHJ30ug6%2BntqYQa8UUVQI%2Bw6yTfy40%2BdTeRk62NQV91Rk8%2F73n5K7pejF082aCpG1maIHxvxIrJOYjqsc%2Bk2ouGFpFagZzFwHTs7A%3D%3D","environmentVariables":{"FIREBASE_CONFIG":"{\"projectId\":\"linkgraph-ef877\",\"databaseURL\":\"https://linkgraph-ef877-default-rtdb.asia-southeast1.firebasedatabase.app\",\"storageBucket\":\"linkgraph-ef877.appspot.com\"}","GCLOUD_PROJECT":"linkgraph-ef877","EVENTARC_CLOUD_EVENT_SOURCE":"projects/linkgraph-ef877/locations/us-central1/functions/app"},"runtime":"nodejs16","dockerRegistry":"ARTIFACT_REGISTRY"},"versionId":"1","updateTime":"2023-02-17T01:30:30Z","buildId":"e88d4f35-0456-46d6-9de6-2953a70b91be","buildName":"projects/918254694977/locations/us-central1/builds/e88d4f35-0456-46d6-9de6-2953a70b91be"}}
[debug] [2023-02-17T01:31:30.506Z] [create-default-us-central1-app] Retrying task index 0
[debug] [2023-02-17T01:31:30.507Z] >>> [apiv2][query] GET https://cloudfunctions.googleapis.com/v1/operations/bGlua2dyYXBoLWVmODc3L3VzLWNlbnRyYWwxL2FwcC9ZWUJmT1VIRklScw [none]
[debug] [2023-02-17T01:31:30.994Z] <<< [apiv2][status] GET https://cloudfunctions.googleapis.com/v1/operations/bGlua2dyYXBoLWVmODc3L3VzLWNlbnRyYWwxL2FwcC9ZWUJmT1VIRklScw 200
[debug] [2023-02-17T01:31:30.995Z] <<< [apiv2][body] GET https://cloudfunctions.googleapis.com/v1/operations/bGlua2dyYXBoLWVmODc3L3VzLWNlbnRyYWwxL2FwcC9ZWUJmT1VIRklScw {"name":"operations/bGlua2dyYXBoLWVmODc3L3VzLWNlbnRyYWwxL2FwcC9ZWUJmT1VIRklScw","metadata":{"@type":"type.googleapis.com/google.cloud.functions.v1.OperationMetadataV1","target":"projects/linkgraph-ef877/locations/us-central1/functions/app","type":"CREATE_FUNCTION","request":{"@type":"type.googleapis.com/google.cloud.functions.v1.CloudFunction","name":"projects/linkgraph-ef877/locations/us-central1/functions/app","httpsTrigger":{"securityLevel":"SECURE_ALWAYS"},"entryPoint":"app","labels":{"deployment-tool":"cli-firebase","firebase-functions-hash":"fbc2a364d53e4a8e77124b55656d914f3fac3303"},"sourceUploadUrl":"https://storage.googleapis.com/uploads-459058084993.us-central1.cloudfunctions.appspot.com/36f51a2f-76a9-464c-9da6-d4f877b7be28.zip?GoogleAccessId=service-918254694977@gcf-admin-robot.iam.gserviceaccount.com&Expires=1676599227&Signature=DVGdTTttCd80B6y1SJZZVaxCp72dAFYctbUMeyxd9rpm9FTUULYKywPAwiFLwi8UVjqXw4RUgTgCSz9MuWTqfgb%2FeC5R1chEkmGL32rs0uK2mQdkIjmBfrVVpHG%2F9IjBvK2OVBvv1fPNMZYXKI3ajMquYy64mGuwn4Ptjd1mHkWa%2BpdlZIGOSueXKryoO5ADJ8uLHmAw%2BkkjINpvStDYIpdslhGEojZDU2F62JEHQVwQAVw%2B3uHJ30ug6%2BntqYQa8UUVQI%2Bw6yTfy40%2BdTeRk62NQV91Rk8%2F73n5K7pejF082aCpG1maIHxvxIrJOYjqsc%2Bk2ouGFpFagZzFwHTs7A%3D%3D","environmentVariables":{"FIREBASE_CONFIG":"{\"projectId\":\"linkgraph-ef877\",\"databaseURL\":\"https://linkgraph-ef877-default-rtdb.asia-southeast1.firebasedatabase.app\",\"storageBucket\":\"linkgraph-ef877.appspot.com\"}","GCLOUD_PROJECT":"linkgraph-ef877","EVENTARC_CLOUD_EVENT_SOURCE":"projects/linkgraph-ef877/locations/us-central1/functions/app"},"runtime":"nodejs16","dockerRegistry":"ARTIFACT_REGISTRY"},"versionId":"1","updateTime":"2023-02-17T01:30:30Z","buildId":"e88d4f35-0456-46d6-9de6-2953a70b91be","buildName":"projects/918254694977/locations/us-central1/builds/e88d4f35-0456-46d6-9de6-2953a70b91be"}}
[debug] [2023-02-17T01:31:41.008Z] [create-default-us-central1-app] Retrying task index 0
[debug] [2023-02-17T01:31:41.008Z] >>> [apiv2][query] GET https://cloudfunctions.googleapis.com/v1/operations/bGlua2dyYXBoLWVmODc3L3VzLWNlbnRyYWwxL2FwcC9ZWUJmT1VIRklScw [none]
[debug] [2023-02-17T01:31:41.434Z] <<< [apiv2][status] GET https://cloudfunctions.googleapis.com/v1/operations/bGlua2dyYXBoLWVmODc3L3VzLWNlbnRyYWwxL2FwcC9ZWUJmT1VIRklScw 200
[debug] [2023-02-17T01:31:41.434Z] <<< [apiv2][body] GET https://cloudfunctions.googleapis.com/v1/operations/bGlua2dyYXBoLWVmODc3L3VzLWNlbnRyYWwxL2FwcC9ZWUJmT1VIRklScw {"name":"operations/bGlua2dyYXBoLWVmODc3L3VzLWNlbnRyYWwxL2FwcC9ZWUJmT1VIRklScw","metadata":{"@type":"type.googleapis.com/google.cloud.functions.v1.OperationMetadataV1","target":"projects/linkgraph-ef877/locations/us-central1/functions/app","type":"CREATE_FUNCTION","request":{"@type":"type.googleapis.com/google.cloud.functions.v1.CloudFunction","name":"projects/linkgraph-ef877/locations/us-central1/functions/app","httpsTrigger":{"securityLevel":"SECURE_ALWAYS"},"entryPoint":"app","labels":{"deployment-tool":"cli-firebase","firebase-functions-hash":"fbc2a364d53e4a8e77124b55656d914f3fac3303"},"sourceUploadUrl":"https://storage.googleapis.com/uploads-459058084993.us-central1.cloudfunctions.appspot.com/36f51a2f-76a9-464c-9da6-d4f877b7be28.zip?GoogleAccessId=service-918254694977@gcf-admin-robot.iam.gserviceaccount.com&Expires=1676599227&Signature=DVGdTTttCd80B6y1SJZZVaxCp72dAFYctbUMeyxd9rpm9FTUULYKywPAwiFLwi8UVjqXw4RUgTgCSz9MuWTqfgb%2FeC5R1chEkmGL32rs0uK2mQdkIjmBfrVVpHG%2F9IjBvK2OVBvv1fPNMZYXKI3ajMquYy64mGuwn4Ptjd1mHkWa%2BpdlZIGOSueXKryoO5ADJ8uLHmAw%2BkkjINpvStDYIpdslhGEojZDU2F62JEHQVwQAVw%2B3uHJ30ug6%2BntqYQa8UUVQI%2Bw6yTfy40%2BdTeRk62NQV91Rk8%2F73n5K7pejF082aCpG1maIHxvxIrJOYjqsc%2Bk2ouGFpFagZzFwHTs7A%3D%3D","environmentVariables":{"FIREBASE_CONFIG":"{\"projectId\":\"linkgraph-ef877\",\"databaseURL\":\"https://linkgraph-ef877-default-rtdb.asia-southeast1.firebasedatabase.app\",\"storageBucket\":\"linkgraph-ef877.appspot.com\"}","GCLOUD_PROJECT":"linkgraph-ef877","EVENTARC_CLOUD_EVENT_SOURCE":"projects/linkgraph-ef877/locations/us-central1/functions/app"},"runtime":"nodejs16","dockerRegistry":"ARTIFACT_REGISTRY"},"versionId":"1","updateTime":"2023-02-17T01:30:30Z","buildId":"e88d4f35-0456-46d6-9de6-2953a70b91be","buildName":"projects/918254694977/locations/us-central1/builds/e88d4f35-0456-46d6-9de6-2953a70b91be"}}
[debug] [2023-02-17T01:31:51.435Z] [create-default-us-central1-app] Retrying task index 0
[debug] [2023-02-17T01:31:51.435Z] >>> [apiv2][query] GET https://cloudfunctions.googleapis.com/v1/operations/bGlua2dyYXBoLWVmODc3L3VzLWNlbnRyYWwxL2FwcC9ZWUJmT1VIRklScw [none]
[debug] [2023-02-17T01:31:51.885Z] <<< [apiv2][status] GET https://cloudfunctions.googleapis.com/v1/operations/bGlua2dyYXBoLWVmODc3L3VzLWNlbnRyYWwxL2FwcC9ZWUJmT1VIRklScw 200
[debug] [2023-02-17T01:31:51.885Z] <<< [apiv2][body] GET https://cloudfunctions.googleapis.com/v1/operations/bGlua2dyYXBoLWVmODc3L3VzLWNlbnRyYWwxL2FwcC9ZWUJmT1VIRklScw {"name":"operations/bGlua2dyYXBoLWVmODc3L3VzLWNlbnRyYWwxL2FwcC9ZWUJmT1VIRklScw","metadata":{"@type":"type.googleapis.com/google.cloud.functions.v1.OperationMetadataV1","target":"projects/linkgraph-ef877/locations/us-central1/functions/app","type":"CREATE_FUNCTION","request":{"@type":"type.googleapis.com/google.cloud.functions.v1.CloudFunction","name":"projects/linkgraph-ef877/locations/us-central1/functions/app","httpsTrigger":{"securityLevel":"SECURE_ALWAYS"},"entryPoint":"app","labels":{"deployment-tool":"cli-firebase","firebase-functions-hash":"fbc2a364d53e4a8e77124b55656d914f3fac3303"},"sourceUploadUrl":"https://storage.googleapis.com/uploads-459058084993.us-central1.cloudfunctions.appspot.com/36f51a2f-76a9-464c-9da6-d4f877b7be28.zip?GoogleAccessId=service-918254694977@gcf-admin-robot.iam.gserviceaccount.com&Expires=1676599227&Signature=DVGdTTttCd80B6y1SJZZVaxCp72dAFYctbUMeyxd9rpm9FTUULYKywPAwiFLwi8UVjqXw4RUgTgCSz9MuWTqfgb%2FeC5R1chEkmGL32rs0uK2mQdkIjmBfrVVpHG%2F9IjBvK2OVBvv1fPNMZYXKI3ajMquYy64mGuwn4Ptjd1mHkWa%2BpdlZIGOSueXKryoO5ADJ8uLHmAw%2BkkjINpvStDYIpdslhGEojZDU2F62JEHQVwQAVw%2B3uHJ30ug6%2BntqYQa8UUVQI%2Bw6yTfy40%2BdTeRk62NQV91Rk8%2F73n5K7pejF082aCpG1maIHxvxIrJOYjqsc%2Bk2ouGFpFagZzFwHTs7A%3D%3D","environmentVariables":{"FIREBASE_CONFIG":"{\"projectId\":\"linkgraph-ef877\",\"databaseURL\":\"https://linkgraph-ef877-default-rtdb.asia-southeast1.firebasedatabase.app\",\"storageBucket\":\"linkgraph-ef877.appspot.com\"}","GCLOUD_PROJECT":"linkgraph-ef877","EVENTARC_CLOUD_EVENT_SOURCE":"projects/linkgraph-ef877/locations/us-central1/functions/app"},"runtime":"nodejs16","dockerRegistry":"ARTIFACT_REGISTRY"},"versionId":"1","updateTime":"2023-02-17T01:30:30Z","buildId":"e88d4f35-0456-46d6-9de6-2953a70b91be","buildName":"projects/918254694977/locations/us-central1/builds/e88d4f35-0456-46d6-9de6-2953a70b91be"}}
[debug] [2023-02-17T01:32:01.889Z] [create-default-us-central1-app] Retrying task index 0
[debug] [2023-02-17T01:32:01.890Z] >>> [apiv2][query] GET https://cloudfunctions.googleapis.com/v1/operations/bGlua2dyYXBoLWVmODc3L3VzLWNlbnRyYWwxL2FwcC9ZWUJmT1VIRklScw [none]
[debug] [2023-02-17T01:32:02.377Z] <<< [apiv2][status] GET https://cloudfunctions.googleapis.com/v1/operations/bGlua2dyYXBoLWVmODc3L3VzLWNlbnRyYWwxL2FwcC9ZWUJmT1VIRklScw 200
[debug] [2023-02-17T01:32:02.378Z] <<< [apiv2][body] GET https://cloudfunctions.googleapis.com/v1/operations/bGlua2dyYXBoLWVmODc3L3VzLWNlbnRyYWwxL2FwcC9ZWUJmT1VIRklScw {"name":"operations/bGlua2dyYXBoLWVmODc3L3VzLWNlbnRyYWwxL2FwcC9ZWUJmT1VIRklScw","metadata":{"@type":"type.googleapis.com/google.cloud.functions.v1.OperationMetadataV1","target":"projects/linkgraph-ef877/locations/us-central1/functions/app","type":"CREATE_FUNCTION","request":{"@type":"type.googleapis.com/google.cloud.functions.v1.CloudFunction","name":"projects/linkgraph-ef877/locations/us-central1/functions/app","httpsTrigger":{"securityLevel":"SECURE_ALWAYS"},"entryPoint":"app","labels":{"deployment-tool":"cli-firebase","firebase-functions-hash":"fbc2a364d53e4a8e77124b55656d914f3fac3303"},"sourceUploadUrl":"https://storage.googleapis.com/uploads-459058084993.us-central1.cloudfunctions.appspot.com/36f51a2f-76a9-464c-9da6-d4f877b7be28.zip?GoogleAccessId=service-918254694977@gcf-admin-robot.iam.gserviceaccount.com&Expires=1676599227&Signature=DVGdTTttCd80B6y1SJZZVaxCp72dAFYctbUMeyxd9rpm9FTUULYKywPAwiFLwi8UVjqXw4RUgTgCSz9MuWTqfgb%2FeC5R1chEkmGL32rs0uK2mQdkIjmBfrVVpHG%2F9IjBvK2OVBvv1fPNMZYXKI3ajMquYy64mGuwn4Ptjd1mHkWa%2BpdlZIGOSueXKryoO5ADJ8uLHmAw%2BkkjINpvStDYIpdslhGEojZDU2F62JEHQVwQAVw%2B3uHJ30ug6%2BntqYQa8UUVQI%2Bw6yTfy40%2BdTeRk62NQV91Rk8%2F73n5K7pejF082aCpG1maIHxvxIrJOYjqsc%2Bk2ouGFpFagZzFwHTs7A%3D%3D","environmentVariables":{"FIREBASE_CONFIG":"{\"projectId\":\"linkgraph-ef877\",\"databaseURL\":\"https://linkgraph-ef877-default-rtdb.asia-southeast1.firebasedatabase.app\",\"storageBucket\":\"linkgraph-ef877.appspot.com\"}","GCLOUD_PROJECT":"linkgraph-ef877","EVENTARC_CLOUD_EVENT_SOURCE":"projects/linkgraph-ef877/locations/us-central1/functions/app"},"runtime":"nodejs16","dockerRegistry":"ARTIFACT_REGISTRY"},"versionId":"1","updateTime":"2023-02-17T01:30:30Z","buildId":"e88d4f35-0456-46d6-9de6-2953a70b91be","buildName":"projects/918254694977/locations/us-central1/builds/e88d4f35-0456-46d6-9de6-2953a70b91be"}}
[debug] [2023-02-17T01:32:12.384Z] [create-default-us-central1-app] Retrying task index 0
[debug] [2023-02-17T01:32:12.385Z] >>> [apiv2][query] GET https://cloudfunctions.googleapis.com/v1/operations/bGlua2dyYXBoLWVmODc3L3VzLWNlbnRyYWwxL2FwcC9ZWUJmT1VIRklScw [none]
[debug] [2023-02-17T01:32:12.842Z] <<< [apiv2][status] GET https://cloudfunctions.googleapis.com/v1/operations/bGlua2dyYXBoLWVmODc3L3VzLWNlbnRyYWwxL2FwcC9ZWUJmT1VIRklScw 200
[debug] [2023-02-17T01:32:12.842Z] <<< [apiv2][body] GET https://cloudfunctions.googleapis.com/v1/operations/bGlua2dyYXBoLWVmODc3L3VzLWNlbnRyYWwxL2FwcC9ZWUJmT1VIRklScw {"name":"operations/bGlua2dyYXBoLWVmODc3L3VzLWNlbnRyYWwxL2FwcC9ZWUJmT1VIRklScw","metadata":{"@type":"type.googleapis.com/google.cloud.functions.v1.OperationMetadataV1","target":"projects/linkgraph-ef877/locations/us-central1/functions/app","type":"CREATE_FUNCTION","request":{"@type":"type.googleapis.com/google.cloud.functions.v1.CloudFunction","name":"projects/linkgraph-ef877/locations/us-central1/functions/app","httpsTrigger":{"securityLevel":"SECURE_ALWAYS"},"entryPoint":"app","labels":{"deployment-tool":"cli-firebase","firebase-functions-hash":"fbc2a364d53e4a8e77124b55656d914f3fac3303"},"sourceUploadUrl":"https://storage.googleapis.com/uploads-459058084993.us-central1.cloudfunctions.appspot.com/36f51a2f-76a9-464c-9da6-d4f877b7be28.zip?GoogleAccessId=service-918254694977@gcf-admin-robot.iam.gserviceaccount.com&Expires=1676599227&Signature=DVGdTTttCd80B6y1SJZZVaxCp72dAFYctbUMeyxd9rpm9FTUULYKywPAwiFLwi8UVjqXw4RUgTgCSz9MuWTqfgb%2FeC5R1chEkmGL32rs0uK2mQdkIjmBfrVVpHG%2F9IjBvK2OVBvv1fPNMZYXKI3ajMquYy64mGuwn4Ptjd1mHkWa%2BpdlZIGOSueXKryoO5ADJ8uLHmAw%2BkkjINpvStDYIpdslhGEojZDU2F62JEHQVwQAVw%2B3uHJ30ug6%2BntqYQa8UUVQI%2Bw6yTfy40%2BdTeRk62NQV91Rk8%2F73n5K7pejF082aCpG1maIHxvxIrJOYjqsc%2Bk2ouGFpFagZzFwHTs7A%3D%3D","environmentVariables":{"FIREBASE_CONFIG":"{\"projectId\":\"linkgraph-ef877\",\"databaseURL\":\"https://linkgraph-ef877-default-rtdb.asia-southeast1.firebasedatabase.app\",\"storageBucket\":\"linkgraph-ef877.appspot.com\"}","GCLOUD_PROJECT":"linkgraph-ef877","EVENTARC_CLOUD_EVENT_SOURCE":"projects/linkgraph-ef877/locations/us-central1/functions/app"},"runtime":"nodejs16","dockerRegistry":"ARTIFACT_REGISTRY"},"versionId":"1","updateTime":"2023-02-17T01:30:30Z","buildId":"e88d4f35-0456-46d6-9de6-2953a70b91be","buildName":"projects/918254694977/locations/us-central1/builds/e88d4f35-0456-46d6-9de6-2953a70b91be"}}
[debug] [2023-02-17T01:32:22.844Z] [create-default-us-central1-app] Retrying task index 0
[debug] [2023-02-17T01:32:22.844Z] >>> [apiv2][query] GET https://cloudfunctions.googleapis.com/v1/operations/bGlua2dyYXBoLWVmODc3L3VzLWNlbnRyYWwxL2FwcC9ZWUJmT1VIRklScw [none]
[debug] [2023-02-17T01:32:23.287Z] <<< [apiv2][status] GET https://cloudfunctions.googleapis.com/v1/operations/bGlua2dyYXBoLWVmODc3L3VzLWNlbnRyYWwxL2FwcC9ZWUJmT1VIRklScw 200
[debug] [2023-02-17T01:32:23.287Z] <<< [apiv2][body] GET https://cloudfunctions.googleapis.com/v1/operations/bGlua2dyYXBoLWVmODc3L3VzLWNlbnRyYWwxL2FwcC9ZWUJmT1VIRklScw {"name":"operations/bGlua2dyYXBoLWVmODc3L3VzLWNlbnRyYWwxL2FwcC9ZWUJmT1VIRklScw","metadata":{"@type":"type.googleapis.com/google.cloud.functions.v1.OperationMetadataV1","target":"projects/linkgraph-ef877/locations/us-central1/functions/app","type":"CREATE_FUNCTION","request":{"@type":"type.googleapis.com/google.cloud.functions.v1.CloudFunction","name":"projects/linkgraph-ef877/locations/us-central1/functions/app","httpsTrigger":{"securityLevel":"SECURE_ALWAYS"},"entryPoint":"app","labels":{"deployment-tool":"cli-firebase","firebase-functions-hash":"fbc2a364d53e4a8e77124b55656d914f3fac3303"},"sourceUploadUrl":"https://storage.googleapis.com/uploads-459058084993.us-central1.cloudfunctions.appspot.com/36f51a2f-76a9-464c-9da6-d4f877b7be28.zip?GoogleAccessId=service-918254694977@gcf-admin-robot.iam.gserviceaccount.com&Expires=1676599227&Signature=DVGdTTttCd80B6y1SJZZVaxCp72dAFYctbUMeyxd9rpm9FTUULYKywPAwiFLwi8UVjqXw4RUgTgCSz9MuWTqfgb%2FeC5R1chEkmGL32rs0uK2mQdkIjmBfrVVpHG%2F9IjBvK2OVBvv1fPNMZYXKI3ajMquYy64mGuwn4Ptjd1mHkWa%2BpdlZIGOSueXKryoO5ADJ8uLHmAw%2BkkjINpvStDYIpdslhGEojZDU2F62JEHQVwQAVw%2B3uHJ30ug6%2BntqYQa8UUVQI%2Bw6yTfy40%2BdTeRk62NQV91Rk8%2F73n5K7pejF082aCpG1maIHxvxIrJOYjqsc%2Bk2ouGFpFagZzFwHTs7A%3D%3D","environmentVariables":{"FIREBASE_CONFIG":"{\"projectId\":\"linkgraph-ef877\",\"databaseURL\":\"https://linkgraph-ef877-default-rtdb.asia-southeast1.firebasedatabase.app\",\"storageBucket\":\"linkgraph-ef877.appspot.com\"}","GCLOUD_PROJECT":"linkgraph-ef877","EVENTARC_CLOUD_EVENT_SOURCE":"projects/linkgraph-ef877/locations/us-central1/functions/app"},"runtime":"nodejs16","dockerRegistry":"ARTIFACT_REGISTRY"},"versionId":"1","updateTime":"2023-02-17T01:30:30Z","buildId":"e88d4f35-0456-46d6-9de6-2953a70b91be","buildName":"projects/918254694977/locations/us-central1/builds/e88d4f35-0456-46d6-9de6-2953a70b91be"}}
[debug] [2023-02-17T01:32:33.292Z] [create-default-us-central1-app] Retrying task index 0
[debug] [2023-02-17T01:32:33.293Z] >>> [apiv2][query] GET https://cloudfunctions.googleapis.com/v1/operations/bGlua2dyYXBoLWVmODc3L3VzLWNlbnRyYWwxL2FwcC9ZWUJmT1VIRklScw [none]
[debug] [2023-02-17T01:32:33.706Z] <<< [apiv2][status] GET https://cloudfunctions.googleapis.com/v1/operations/bGlua2dyYXBoLWVmODc3L3VzLWNlbnRyYWwxL2FwcC9ZWUJmT1VIRklScw 200
[debug] [2023-02-17T01:32:33.706Z] <<< [apiv2][body] GET https://cloudfunctions.googleapis.com/v1/operations/bGlua2dyYXBoLWVmODc3L3VzLWNlbnRyYWwxL2FwcC9ZWUJmT1VIRklScw {"name":"operations/bGlua2dyYXBoLWVmODc3L3VzLWNlbnRyYWwxL2FwcC9ZWUJmT1VIRklScw","metadata":{"@type":"type.googleapis.com/google.cloud.functions.v1.OperationMetadataV1","target":"projects/linkgraph-ef877/locations/us-central1/functions/app","type":"CREATE_FUNCTION","request":{"@type":"type.googleapis.com/google.cloud.functions.v1.CloudFunction","name":"projects/linkgraph-ef877/locations/us-central1/functions/app","httpsTrigger":{"securityLevel":"SECURE_ALWAYS"},"entryPoint":"app","labels":{"deployment-tool":"cli-firebase","firebase-functions-hash":"fbc2a364d53e4a8e77124b55656d914f3fac3303"},"sourceUploadUrl":"https://storage.googleapis.com/uploads-459058084993.us-central1.cloudfunctions.appspot.com/36f51a2f-76a9-464c-9da6-d4f877b7be28.zip?GoogleAccessId=service-918254694977@gcf-admin-robot.iam.gserviceaccount.com&Expires=1676599227&Signature=DVGdTTttCd80B6y1SJZZVaxCp72dAFYctbUMeyxd9rpm9FTUULYKywPAwiFLwi8UVjqXw4RUgTgCSz9MuWTqfgb%2FeC5R1chEkmGL32rs0uK2mQdkIjmBfrVVpHG%2F9IjBvK2OVBvv1fPNMZYXKI3ajMquYy64mGuwn4Ptjd1mHkWa%2BpdlZIGOSueXKryoO5ADJ8uLHmAw%2BkkjINpvStDYIpdslhGEojZDU2F62JEHQVwQAVw%2B3uHJ30ug6%2BntqYQa8UUVQI%2Bw6yTfy40%2BdTeRk62NQV91Rk8%2F73n5K7pejF082aCpG1maIHxvxIrJOYjqsc%2Bk2ouGFpFagZzFwHTs7A%3D%3D","environmentVariables":{"FIREBASE_CONFIG":"{\"projectId\":\"linkgraph-ef877\",\"databaseURL\":\"https://linkgraph-ef877-default-rtdb.asia-southeast1.firebasedatabase.app\",\"storageBucket\":\"linkgraph-ef877.appspot.com\"}","GCLOUD_PROJECT":"linkgraph-ef877","EVENTARC_CLOUD_EVENT_SOURCE":"projects/linkgraph-ef877/locations/us-central1/functions/app"},"runtime":"nodejs16","dockerRegistry":"ARTIFACT_REGISTRY"},"versionId":"1","updateTime":"2023-02-17T01:30:30Z","buildId":"e88d4f35-0456-46d6-9de6-2953a70b91be","buildName":"projects/918254694977/locations/us-central1/builds/e88d4f35-0456-46d6-9de6-2953a70b91be"}}
[debug] [2023-02-17T01:32:43.706Z] [create-default-us-central1-app] Retrying task index 0
[debug] [2023-02-17T01:32:43.707Z] >>> [apiv2][query] GET https://cloudfunctions.googleapis.com/v1/operations/bGlua2dyYXBoLWVmODc3L3VzLWNlbnRyYWwxL2FwcC9ZWUJmT1VIRklScw [none]
[debug] [2023-02-17T01:32:44.142Z] <<< [apiv2][status] GET https://cloudfunctions.googleapis.com/v1/operations/bGlua2dyYXBoLWVmODc3L3VzLWNlbnRyYWwxL2FwcC9ZWUJmT1VIRklScw 200
[debug] [2023-02-17T01:32:44.142Z] <<< [apiv2][body] GET https://cloudfunctions.googleapis.com/v1/operations/bGlua2dyYXBoLWVmODc3L3VzLWNlbnRyYWwxL2FwcC9ZWUJmT1VIRklScw {"name":"operations/bGlua2dyYXBoLWVmODc3L3VzLWNlbnRyYWwxL2FwcC9ZWUJmT1VIRklScw","metadata":{"@type":"type.googleapis.com/google.cloud.functions.v1.OperationMetadataV1","target":"projects/linkgraph-ef877/locations/us-central1/functions/app","type":"CREATE_FUNCTION","request":{"@type":"type.googleapis.com/google.cloud.functions.v1.CloudFunction","name":"projects/linkgraph-ef877/locations/us-central1/functions/app","httpsTrigger":{"securityLevel":"SECURE_ALWAYS"},"entryPoint":"app","labels":{"deployment-tool":"cli-firebase","firebase-functions-hash":"fbc2a364d53e4a8e77124b55656d914f3fac3303"},"sourceUploadUrl":"https://storage.googleapis.com/uploads-459058084993.us-central1.cloudfunctions.appspot.com/36f51a2f-76a9-464c-9da6-d4f877b7be28.zip?GoogleAccessId=service-918254694977@gcf-admin-robot.iam.gserviceaccount.com&Expires=1676599227&Signature=DVGdTTttCd80B6y1SJZZVaxCp72dAFYctbUMeyxd9rpm9FTUULYKywPAwiFLwi8UVjqXw4RUgTgCSz9MuWTqfgb%2FeC5R1chEkmGL32rs0uK2mQdkIjmBfrVVpHG%2F9IjBvK2OVBvv1fPNMZYXKI3ajMquYy64mGuwn4Ptjd1mHkWa%2BpdlZIGOSueXKryoO5ADJ8uLHmAw%2BkkjINpvStDYIpdslhGEojZDU2F62JEHQVwQAVw%2B3uHJ30ug6%2BntqYQa8UUVQI%2Bw6yTfy40%2BdTeRk62NQV91Rk8%2F73n5K7pejF082aCpG1maIHxvxIrJOYjqsc%2Bk2ouGFpFagZzFwHTs7A%3D%3D","environmentVariables":{"FIREBASE_CONFIG":"{\"projectId\":\"linkgraph-ef877\",\"databaseURL\":\"https://linkgraph-ef877-default-rtdb.asia-southeast1.firebasedatabase.app\",\"storageBucket\":\"linkgraph-ef877.appspot.com\"}","GCLOUD_PROJECT":"linkgraph-ef877","EVENTARC_CLOUD_EVENT_SOURCE":"projects/linkgraph-ef877/locations/us-central1/functions/app"},"runtime":"nodejs16","dockerRegistry":"ARTIFACT_REGISTRY"},"versionId":"1","updateTime":"2023-02-17T01:30:30Z","buildId":"e88d4f35-0456-46d6-9de6-2953a70b91be","buildName":"projects/918254694977/locations/us-central1/builds/e88d4f35-0456-46d6-9de6-2953a70b91be"}}
[debug] [2023-02-17T01:32:54.158Z] [create-default-us-central1-app] Retrying task index 0
[debug] [2023-02-17T01:32:54.158Z] >>> [apiv2][query] GET https://cloudfunctions.googleapis.com/v1/operations/bGlua2dyYXBoLWVmODc3L3VzLWNlbnRyYWwxL2FwcC9ZWUJmT1VIRklScw [none]
[debug] [2023-02-17T01:32:54.616Z] <<< [apiv2][status] GET https://cloudfunctions.googleapis.com/v1/operations/bGlua2dyYXBoLWVmODc3L3VzLWNlbnRyYWwxL2FwcC9ZWUJmT1VIRklScw 200
[debug] [2023-02-17T01:32:54.616Z] <<< [apiv2][body] GET https://cloudfunctions.googleapis.com/v1/operations/bGlua2dyYXBoLWVmODc3L3VzLWNlbnRyYWwxL2FwcC9ZWUJmT1VIRklScw {"name":"operations/bGlua2dyYXBoLWVmODc3L3VzLWNlbnRyYWwxL2FwcC9ZWUJmT1VIRklScw","metadata":{"@type":"type.googleapis.com/google.cloud.functions.v1.OperationMetadataV1","target":"projects/linkgraph-ef877/locations/us-central1/functions/app","type":"CREATE_FUNCTION","request":{"@type":"type.googleapis.com/google.cloud.functions.v1.CloudFunction","name":"projects/linkgraph-ef877/locations/us-central1/functions/app","httpsTrigger":{"securityLevel":"SECURE_ALWAYS"},"entryPoint":"app","labels":{"deployment-tool":"cli-firebase","firebase-functions-hash":"fbc2a364d53e4a8e77124b55656d914f3fac3303"},"sourceUploadUrl":"https://storage.googleapis.com/uploads-459058084993.us-central1.cloudfunctions.appspot.com/36f51a2f-76a9-464c-9da6-d4f877b7be28.zip?GoogleAccessId=service-918254694977@gcf-admin-robot.iam.gserviceaccount.com&Expires=1676599227&Signature=DVGdTTttCd80B6y1SJZZVaxCp72dAFYctbUMeyxd9rpm9FTUULYKywPAwiFLwi8UVjqXw4RUgTgCSz9MuWTqfgb%2FeC5R1chEkmGL32rs0uK2mQdkIjmBfrVVpHG%2F9IjBvK2OVBvv1fPNMZYXKI3ajMquYy64mGuwn4Ptjd1mHkWa%2BpdlZIGOSueXKryoO5ADJ8uLHmAw%2BkkjINpvStDYIpdslhGEojZDU2F62JEHQVwQAVw%2B3uHJ30ug6%2BntqYQa8UUVQI%2Bw6yTfy40%2BdTeRk62NQV91Rk8%2F73n5K7pejF082aCpG1maIHxvxIrJOYjqsc%2Bk2ouGFpFagZzFwHTs7A%3D%3D","environmentVariables":{"FIREBASE_CONFIG":"{\"projectId\":\"linkgraph-ef877\",\"databaseURL\":\"https://linkgraph-ef877-default-rtdb.asia-southeast1.firebasedatabase.app\",\"storageBucket\":\"linkgraph-ef877.appspot.com\"}","GCLOUD_PROJECT":"linkgraph-ef877","EVENTARC_CLOUD_EVENT_SOURCE":"projects/linkgraph-ef877/locations/us-central1/functions/app"},"runtime":"nodejs16","dockerRegistry":"ARTIFACT_REGISTRY"},"versionId":"1","updateTime":"2023-02-17T01:30:30Z","buildId":"e88d4f35-0456-46d6-9de6-2953a70b91be","sourceToken":"c369a1df-9f81-42c3-861a-999f9f72ac89","buildName":"projects/918254694977/locations/us-central1/builds/e88d4f35-0456-46d6-9de6-2953a70b91be"}}
[debug] [2023-02-17T01:32:54.616Z] Got source token c369a1df-9f81-42c3-861a-999f9f72ac89 for region us-central1
[debug] [2023-02-17T01:33:04.628Z] [create-default-us-central1-app] Retrying task index 0
[debug] [2023-02-17T01:33:04.629Z] >>> [apiv2][query] GET https://cloudfunctions.googleapis.com/v1/operations/bGlua2dyYXBoLWVmODc3L3VzLWNlbnRyYWwxL2FwcC9ZWUJmT1VIRklScw [none]
[debug] [2023-02-17T01:33:05.094Z] <<< [apiv2][status] GET https://cloudfunctions.googleapis.com/v1/operations/bGlua2dyYXBoLWVmODc3L3VzLWNlbnRyYWwxL2FwcC9ZWUJmT1VIRklScw 200
[debug] [2023-02-17T01:33:05.095Z] <<< [apiv2][body] GET https://cloudfunctions.googleapis.com/v1/operations/bGlua2dyYXBoLWVmODc3L3VzLWNlbnRyYWwxL2FwcC9ZWUJmT1VIRklScw {"name":"operations/bGlua2dyYXBoLWVmODc3L3VzLWNlbnRyYWwxL2FwcC9ZWUJmT1VIRklScw","metadata":{"@type":"type.googleapis.com/google.cloud.functions.v1.OperationMetadataV1","target":"projects/linkgraph-ef877/locations/us-central1/functions/app","type":"CREATE_FUNCTION","request":{"@type":"type.googleapis.com/google.cloud.functions.v1.CloudFunction","name":"projects/linkgraph-ef877/locations/us-central1/functions/app","httpsTrigger":{"securityLevel":"SECURE_ALWAYS"},"entryPoint":"app","labels":{"deployment-tool":"cli-firebase","firebase-functions-hash":"fbc2a364d53e4a8e77124b55656d914f3fac3303"},"sourceUploadUrl":"https://storage.googleapis.com/uploads-459058084993.us-central1.cloudfunctions.appspot.com/36f51a2f-76a9-464c-9da6-d4f877b7be28.zip?GoogleAccessId=service-918254694977@gcf-admin-robot.iam.gserviceaccount.com&Expires=1676599227&Signature=DVGdTTttCd80B6y1SJZZVaxCp72dAFYctbUMeyxd9rpm9FTUULYKywPAwiFLwi8UVjqXw4RUgTgCSz9MuWTqfgb%2FeC5R1chEkmGL32rs0uK2mQdkIjmBfrVVpHG%2F9IjBvK2OVBvv1fPNMZYXKI3ajMquYy64mGuwn4Ptjd1mHkWa%2BpdlZIGOSueXKryoO5ADJ8uLHmAw%2BkkjINpvStDYIpdslhGEojZDU2F62JEHQVwQAVw%2B3uHJ30ug6%2BntqYQa8UUVQI%2Bw6yTfy40%2BdTeRk62NQV91Rk8%2F73n5K7pejF082aCpG1maIHxvxIrJOYjqsc%2Bk2ouGFpFagZzFwHTs7A%3D%3D","environmentVariables":{"FIREBASE_CONFIG":"{\"projectId\":\"linkgraph-ef877\",\"databaseURL\":\"https://linkgraph-ef877-default-rtdb.asia-southeast1.firebasedatabase.app\",\"storageBucket\":\"linkgraph-ef877.appspot.com\"}","GCLOUD_PROJECT":"linkgraph-ef877","EVENTARC_CLOUD_EVENT_SOURCE":"projects/linkgraph-ef877/locations/us-central1/functions/app"},"runtime":"nodejs16","dockerRegistry":"ARTIFACT_REGISTRY"},"versionId":"1","updateTime":"2023-02-17T01:32:57Z","buildId":"e88d4f35-0456-46d6-9de6-2953a70b91be","sourceToken":"c369a1df-9f81-42c3-861a-999f9f72ac89","buildName":"projects/918254694977/locations/us-central1/builds/e88d4f35-0456-46d6-9de6-2953a70b91be"},"done":true,"error":{"code":3,"message":"Function failed on loading user code. This is likely due to a bug in the user code. Error message: Provided module can't be loaded.\nDid you list all required modules in the package.json dependencies?\nDetailed stack trace: Error: Cannot find module 'cookie-parser'\nRequire stack:\n- /workspace/app.js\n- /workspace/index.js\n- /layers/google.nodejs.functions-framework/functions-framework/node_modules/@google-cloud/functions-framework/build/src/loader.js\n- /layers/google.nodejs.functions-framework/functions-framework/node_modules/@google-cloud/functions-framework/build/src/main.js\n    at Function.Module._resolveFilename (node:internal/modules/cjs/loader:995:15)\n    at Function.Module._load (node:internal/modules/cjs/loader:841:27)\n    at Module.require (node:internal/modules/cjs/loader:1067:19)\n    at require (node:internal/modules/cjs/helpers:103:18)\n    at Object.<anonymous> (/workspace/app.js:5:20)\n    at Module._compile (node:internal/modules/cjs/loader:1165:14)\n    at Object.Module._extensions..js (node:internal/modules/cjs/loader:1219:10)\n    at Module.load (node:internal/modules/cjs/loader:1043:32)\n    at Function.Module._load (node:internal/modules/cjs/loader:878:12)\n    at Module.require (node:internal/modules/cjs/loader:1067:19)\nCould not load the function, shutting down.\n. Please visit https://cloud.google.com/functions/docs/troubleshooting for in-depth troubleshooting documentation."}}
[debug] [2023-02-17T01:33:05.096Z] Got source token c369a1df-9f81-42c3-861a-999f9f72ac89 for region us-central1
[error] Function failed on loading user code. This is likely due to a bug in the user code. Error message: Provided module can't be loaded.
Did you list all required modules in the package.json dependencies?
Detailed stack trace: Error: Cannot find module 'cookie-parser'
Require stack:
- /workspace/app.js
- /workspace/index.js
- /layers/google.nodejs.functions-framework/functions-framework/node_modules/@google-cloud/functions-framework/build/src/loader.js
- /layers/google.nodejs.functions-framework/functions-framework/node_modules/@google-cloud/functions-framework/build/src/main.js
    at Function.Module._resolveFilename (node:internal/modules/cjs/loader:995:15)
    at Function.Module._load (node:internal/modules/cjs/loader:841:27)
    at Module.require (node:internal/modules/cjs/loader:1067:19)
    at require (node:internal/modules/cjs/helpers:103:18)
    at Object.<anonymous> (/workspace/app.js:5:20)
    at Module._compile (node:internal/modules/cjs/loader:1165:14)
    at Object.Module._extensions..js (node:internal/modules/cjs/loader:1219:10)
    at Module.load (node:internal/modules/cjs/loader:1043:32)
    at Function.Module._load (node:internal/modules/cjs/loader:878:12)
    at Module.require (node:internal/modules/cjs/loader:1067:19)
Could not load the function, shutting down.
. Please visit https://cloud.google.com/functions/docs/troubleshooting for in-depth troubleshooting documentation.
[debug] [2023-02-17T01:33:05.108Z] Total Function Deployment time: 155550
[debug] [2023-02-17T01:33:05.108Z] 1 Functions Deployed
[debug] [2023-02-17T01:33:05.108Z] 1 Functions Errored
[debug] [2023-02-17T01:33:05.108Z] 0 Function Deployments Aborted
[debug] [2023-02-17T01:33:05.108Z] Average Function Deployment time: 155548
[info] 
[info] Functions deploy had errors with the following functions:
	app(us-central1)
[debug] [2023-02-17T01:33:05.111Z] Not printing URL for HTTPS function. Typically this means it didn't match a filter or we failed deployment
[info] i  functions: cleaning up build files... 
[debug] [2023-02-17T01:33:05.113Z] >>> [apiv2][query] DELETE https://artifactregistry.googleapis.com/v1beta2/projects/linkgraph-ef877/locations/us-central1/repositories/gcf-artifacts/packages/app [none]
[debug] [2023-02-17T01:33:05.114Z] >>> [apiv2][query] GET https://us.gcr.io/v2/linkgraph-ef877/gcf/us-central1/tags/list [none]
[debug] [2023-02-17T01:33:05.451Z] <<< [apiv2][status] GET https://us.gcr.io/v2/linkgraph-ef877/gcf/us-central1/tags/list 200
[debug] [2023-02-17T01:33:05.451Z] <<< [apiv2][body] GET https://us.gcr.io/v2/linkgraph-ef877/gcf/us-central1/tags/list {"child":[],"manifest":{},"name":"linkgraph-ef877/gcf/us-central1","tags":[]}
[debug] [2023-02-17T01:33:05.452Z] Could not find image for function projects/linkgraph-ef877/locations/us-central1/functions/app
[debug] [2023-02-17T01:33:06.518Z] <<< [apiv2][status] DELETE https://artifactregistry.googleapis.com/v1beta2/projects/linkgraph-ef877/locations/us-central1/repositories/gcf-artifacts/packages/app 200
[debug] [2023-02-17T01:33:06.519Z] <<< [apiv2][body] DELETE https://artifactregistry.googleapis.com/v1beta2/projects/linkgraph-ef877/locations/us-central1/repositories/gcf-artifacts/packages/app {"name":"projects/linkgraph-ef877/locations/us-central1/operations/a8634d5c-1275-4051-a545-bdf26ec0ff1f","metadata":{"@type":"type.googleapis.com/google.devtools.artifactregistry.v1beta2.OperationMetadata"}}
[debug] [2023-02-17T01:33:06.519Z] >>> [apiv2][query] GET https://artifactregistry.googleapis.com/v1beta2/projects/linkgraph-ef877/locations/us-central1/operations/a8634d5c-1275-4051-a545-bdf26ec0ff1f [none]
[debug] [2023-02-17T01:33:07.881Z] <<< [apiv2][status] GET https://artifactregistry.googleapis.com/v1beta2/projects/linkgraph-ef877/locations/us-central1/operations/a8634d5c-1275-4051-a545-bdf26ec0ff1f 200
[debug] [2023-02-17T01:33:07.882Z] <<< [apiv2][body] GET https://artifactregistry.googleapis.com/v1beta2/projects/linkgraph-ef877/locations/us-central1/operations/a8634d5c-1275-4051-a545-bdf26ec0ff1f {"name":"projects/linkgraph-ef877/locations/us-central1/operations/a8634d5c-1275-4051-a545-bdf26ec0ff1f","metadata":{"@type":"type.googleapis.com/google.devtools.artifactregistry.v1beta2.OperationMetadata"},"done":true,"response":{"@type":"type.googleapis.com/google.protobuf.Empty"}}
[debug] [2023-02-17T01:33:07.882Z] Functions deploy failed.
[debug] [2023-02-17T01:33:07.882Z] {
  "endpoint": {
    "id": "app",
    "project": "linkgraph-ef877",
    "region": "us-central1",
    "entryPoint": "app",
    "platform": "gcfv1",
    "runtime": "nodejs16",
    "httpsTrigger": {},
    "serviceAccount": null,
    "ingressSettings": null,
    "availableMemoryMb": null,
    "timeoutSeconds": null,
    "maxInstances": null,
    "minInstances": null,
    "vpc": null,
    "environmentVariables": {
      "FIREBASE_CONFIG": "{\"projectId\":\"linkgraph-ef877\",\"databaseURL\":\"https://linkgraph-ef877-default-rtdb.asia-southeast1.firebasedatabase.app\",\"storageBucket\":\"linkgraph-ef877.appspot.com\"}",
      "GCLOUD_PROJECT": "linkgraph-ef877",
      "EVENTARC_CLOUD_EVENT_SOURCE": "projects/linkgraph-ef877/locations/us-central1/functions/app"
    },
    "codebase": "default",
    "targetedByOnly": false,
    "hash": "fbc2a364d53e4a8e77124b55656d914f3fac3303",
    "labels": {
      "deployment-tool": "cli-firebase"
    }
  },
  "op": "create",
  "original": {
    "name": "FirebaseError",
    "children": [],
    "exit": 1,
    "message": "Function failed on loading user code. This is likely due to a bug in the user code. Error message: Provided module can't be loaded.\nDid you list all required modules in the package.json dependencies?\nDetailed stack trace: Error: Cannot find module 'cookie-parser'\nRequire stack:\n- /workspace/app.js\n- /workspace/index.js\n- /layers/google.nodejs.functions-framework/functions-framework/node_modules/@google-cloud/functions-framework/build/src/loader.js\n- /layers/google.nodejs.functions-framework/functions-framework/node_modules/@google-cloud/functions-framework/build/src/main.js\n    at Function.Module._resolveFilename (node:internal/modules/cjs/loader:995:15)\n    at Function.Module._load (node:internal/modules/cjs/loader:841:27)\n    at Module.require (node:internal/modules/cjs/loader:1067:19)\n    at require (node:internal/modules/cjs/helpers:103:18)\n    at Object.<anonymous> (/workspace/app.js:5:20)\n    at Module._compile (node:internal/modules/cjs/loader:1165:14)\n    at Object.Module._extensions..js (node:internal/modules/cjs/loader:1219:10)\n    at Module.load (node:internal/modules/cjs/loader:1043:32)\n    at Function.Module._load (node:internal/modules/cjs/loader:878:12)\n    at Module.require (node:internal/modules/cjs/loader:1067:19)\nCould not load the function, shutting down.\n. Please visit https://cloud.google.com/functions/docs/troubleshooting for in-depth troubleshooting documentation.",
    "status": 3
  }
}
[debug] [2023-02-17T01:33:07.885Z] Error: Failed to create function app in region us-central1
    at C:\Users\R\AppData\Roaming\nvm\v16.15.1\node_modules\firebase-tools\lib\deploy\functions\release\fabricator.js:48:11
    at processTicksAndRejections (node:internal/process/task_queues:96:5)
    at async Fabricator.createV1Function (C:\Users\R\AppData\Roaming\nvm\v16.15.1\node_modules\firebase-tools\lib\deploy\functions\release\fabricator.js:177:32)
    at async Fabricator.createEndpoint (C:\Users\R\AppData\Roaming\nvm\v16.15.1\node_modules\firebase-tools\lib\deploy\functions\release\fabricator.js:129:13)
    at async handle (C:\Users\R\AppData\Roaming\nvm\v16.15.1\node_modules\firebase-tools\lib\deploy\functions\release\fabricator.js:85:17)
[error] 
[error] Error: There was an error deploying functions
